# project node.js (1.0) configured on Fri Jun  8 00:40:39 2012 by
# waf 1.5.16 (abi 7, python 20701f0 on darwin)
# using /Users/retrofox/Projects/node/tools/waf-light --jobs=1 configure
#

----------------------------------------
Checking for program g++ or c++
  find program=['g++', 'c++'] paths=[] var='CXX'
  -> '/usr/bin/g++'

----------------------------------------
Checking for program cpp
  find program=['cpp'] paths=[] var='CPP'
  -> '/usr/bin/cpp'

----------------------------------------
Checking for program ar
  find program=['ar'] paths=[] var='AR'
  -> '/usr/bin/ar'

----------------------------------------
Checking for program ranlib
  find program=['ranlib'] paths=[] var='RANLIB'
  -> '/usr/bin/ranlib'

----------------------------------------
Checking for g++ 
ok 

----------------------------------------
Checking for program gcc or cc
  find program=['gcc', 'cc'] paths=[] var='CC'
  -> '/usr/bin/gcc'

----------------------------------------
Checking for gcc 
ok 

----------------------------------------
Checking for library dl
==>

int main() {
	return 0;
}

<==
[1/2] [32mcxx: out/.conf_check_0/test.cpp -> out/.conf_check_0/testbuild/Release/test_1.o
[0m['/usr/bin/g++', '../test.cpp', '-c', '-o', 'Release/test_1.o']
[2/2] [33mcxx_link: out/.conf_check_0/testbuild/Release/test_1.o -> out/.conf_check_0/testbuild/Release/testprog
[0m['/usr/bin/g++', 'Release/test_1.o', '-o', '/Users/retrofox/Projects/node/out/.conf_check_0/testbuild/Release/testprog', '-lz', '-ldl']
yes

----------------------------------------
Checking for openssl
pkg-config --errors-to-stdout --print-errors --cflags --libs openssl
 -lssl -lcrypto -lz  
yes

----------------------------------------
Checking for library util
==>

int main() {
	return 0;
}

<==
[1/2] [32mcxx: out/.conf_check_0/test.cpp -> out/.conf_check_0/testbuild/Release/test_1.o
[0m['/usr/bin/g++', '-DHAVE_OPENSSL=1', '../test.cpp', '-c', '-o', 'Release/test_1.o']
[2/2] [33mcxx_link: out/.conf_check_0/testbuild/Release/test_1.o -> out/.conf_check_0/testbuild/Release/testprog
[0m['/usr/bin/g++', 'Release/test_1.o', '-o', '/Users/retrofox/Projects/node/out/.conf_check_0/testbuild/Release/testprog', '-lz', '-L/usr/lib', '-L/usr/local/lib', '-lutil']
yes

----------------------------------------
Checking for library rt
==>

int main() {
	return 0;
}

<==
[1/2] [32mcxx: out/.conf_check_0/test.cpp -> out/.conf_check_0/testbuild/Release/test_1.o
[0m['/usr/bin/g++', '-DHAVE_OPENSSL=1', '../test.cpp', '-c', '-o', 'Release/test_1.o']
[2/2] [33mcxx_link: out/.conf_check_0/testbuild/Release/test_1.o -> out/.conf_check_0/testbuild/Release/testprog
[0mld: library not found for -lrt
collect2: ld returned 1 exit status
['/usr/bin/g++', 'Release/test_1.o', '-o', '/Users/retrofox/Projects/node/out/.conf_check_0/testbuild/Release/testprog', '-lz', '-lrt']
command returned 'Build failed:  -> task failed (err #1): \n\t{task: cxx_link test_1.o -> testprog}'not found

----------------------------------------
Checking for fdatasync(2) with c++
==>

    #include <unistd.h>
    int main(void)
    {
       int fd = 0;
       fdatasync (fd);
       return 0;
    }
  
<==
[1/2] [32mcxx: out/.conf_check_0/test.cpp -> out/.conf_check_0/testbuild/Release/test_1.o
[0m../test.cpp: In function ‘int main()’:
../test.cpp:6: error: ‘fdatasync’ was not declared in this scope
['/usr/bin/g++', '-pthread', '-m64', '-arch', 'x86_64', '-DHAVE_OPENSSL=1', '-D_LARGEFILE_SOURCE', '-D_FILE_OFFSET_BITS=64', '-D_DARWIN_USE_64_BIT_INODE=1', '../test.cpp', '-c', '-o', 'Release/test_1.o']
command returned 'Build failed:  -> task failed (err #1): \n\t{task: cxx test.cpp -> test_1.o}'no
