code-creation,Stub,0x10ae82040,329,"JSEntryStub"
code-creation,Stub,0x10ae821a0,329,"JSConstructEntryStub"
code-creation,Stub,0x10ae82300,745,"CEntryStub"
code-creation,Builtin,0x10ae82600,83,"Illegal"
code-creation,Builtin,0x10ae82660,83,"EmptyFunction"
code-creation,Builtin,0x10ae826c0,83,"ArrayCodeGeneric"
code-creation,Builtin,0x10ae82720,83,"ArrayPush"
code-creation,Builtin,0x10ae82780,83,"ArrayPop"
code-creation,Builtin,0x10ae827e0,83,"ArrayShift"
code-creation,Builtin,0x10ae82840,83,"ArrayUnshift"
code-creation,Builtin,0x10ae828a0,83,"ArraySlice"
code-creation,Builtin,0x10ae82900,83,"ArraySplice"
code-creation,Builtin,0x10ae82960,83,"ArrayConcat"
code-creation,Builtin,0x10ae829c0,88,"HandleApiCall"
code-creation,Builtin,0x10ae82a20,83,"FastHandleApiCall"
code-creation,Builtin,0x10ae82a80,88,"HandleApiCallConstruct"
code-creation,Builtin,0x10ae82ae0,83,"HandleApiCallAsFunction"
code-creation,Builtin,0x10ae82b40,83,"HandleApiCallAsConstructor"
code-creation,Builtin,0x10ae82ba0,83,"StrictModePoisonPill"
code-creation,Builtin,0x10ae82c00,228,"ArgumentsAdaptorTrampoline"
code-creation,Builtin,0x10ae82d00,130,"JSConstructCall"
code-creation,Builtin,0x10ae82da0,586,"JSConstructStubCountdown"
code-creation,Builtin,0x10ae83000,545,"JSConstructStubGeneric"
code-creation,Builtin,0x10ae83240,522,"JSConstructStubApi"
code-creation,Builtin,0x10ae83460,174,"JSEntryTrampoline"
code-creation,Builtin,0x10ae83520,145,"JSConstructEntryTrampoline"
code-creation,Builtin,0x10ae835c0,128,"LazyCompile"
code-creation,Builtin,0x10ae83640,128,"LazyRecompile"
code-creation,Builtin,0x10ae836c0,189,"NotifyDeoptimized"
code-creation,Builtin,0x10ae83780,189,"NotifyLazyDeoptimized"
code-creation,Builtin,0x10ae83840,157,"NotifyOSR"
code-creation,Builtin,0x10ae838e0,88,"LoadIC_Miss"
code-creation,Builtin,0x10ae83940,88,"KeyedLoadIC_Miss"
code-creation,Builtin,0x10ae839a0,88,"KeyedLoadIC_MissForceGeneric"
code-creation,Builtin,0x10ae83a00,88,"KeyedLoadIC_Slow"
code-creation,Builtin,0x10ae83a60,89,"StoreIC_Miss"
code-creation,Builtin,0x10ae83ac0,89,"KeyedStoreIC_Miss"
code-creation,Builtin,0x10ae83b20,89,"KeyedStoreIC_MissForceGeneric"
code-creation,Builtin,0x10ae83b80,89,"KeyedStoreIC_Slow"
code-creation,Builtin,0x10ae83be0,88,"LoadIC_Initialize"
code-creation,Builtin,0x10ae83c40,88,"LoadIC_PreMonomorphic"
code-creation,Stub,0x10ae84040,940,"StringDictionaryNegativeLookupStub"
code-creation,Builtin,0x10ae84400,321,"LoadIC_Normal"
code-creation,Builtin,0x10ae84560,96,"LoadIC_ArrayLength"
code-creation,Builtin,0x10ae845c0,99,"LoadIC_StringLength"
code-creation,Builtin,0x10ae84640,146,"LoadIC_StringWrapperLength"
code-creation,Builtin,0x10ae846e0,136,"LoadIC_FunctionPrototype"
code-creation,Builtin,0x10ae84780,242,"LoadIC_Megamorphic"
code-creation,Builtin,0x10ae84880,88,"KeyedLoadIC_Initialize"
code-creation,Builtin,0x10ae848e0,88,"KeyedLoadIC_PreMonomorphic"
code-creation,Stub,0x10ae84940,940,"StringDictionaryNegativeLookupStub"
code-creation,Builtin,0x10ae84d00,775,"KeyedLoadIC_Generic"
code-creation,Builtin,0x10ae85020,701,"KeyedLoadIC_String"
code-creation,Builtin,0x10ae852e0,156,"KeyedLoadIC_IndexedInterceptor"
code-creation,Builtin,0x10ae85380,275,"KeyedLoadIC_NonStrictArguments"
code-creation,Builtin,0x10ae854a0,89,"StoreIC_Initialize"
code-creation,Builtin,0x10ae85500,162,"StoreIC_ArrayLength"
code-creation,Stub,0x10ae855c0,959,"StringDictionaryNegativeLookupStub"
code-creation,Builtin,0x10ae85980,408,"StoreIC_Normal"
code-creation,Builtin,0x10ae85b20,263,"StoreIC_Megamorphic"
code-creation,Builtin,0x10ae85c40,93,"StoreIC_GlobalProxy"
code-creation,Builtin,0x10ae85ca0,89,"StoreIC_Initialize_Strict"
code-creation,Builtin,0x10ae85d00,162,"StoreIC_ArrayLength_Strict"
code-creation,Builtin,0x10ae85dc0,408,"StoreIC_Normal_Strict"
code-creation,Builtin,0x10ae86040,263,"StoreIC_Megamorphic_Strict"
code-creation,Builtin,0x10ae86160,93,"StoreIC_GlobalProxy_Strict"
code-creation,Builtin,0x10ae861c0,89,"KeyedStoreIC_Initialize"
code-creation,Builtin,0x10ae86220,306,"KeyedStoreIC_Generic"
code-creation,Builtin,0x10ae86360,89,"KeyedStoreIC_Initialize_Strict"
code-creation,Builtin,0x10ae863c0,306,"KeyedStoreIC_Generic_Strict"
code-creation,Builtin,0x10ae86500,401,"KeyedStoreIC_NonStrictArguments"
code-creation,Builtin,0x10ae866a0,451,"FunctionCall"
code-creation,Builtin,0x10ae86880,460,"FunctionApply"
code-creation,Builtin,0x10ae86a60,789,"ArrayCode"
code-creation,Builtin,0x10ae86d80,774,"ArrayConstructCode"
code-creation,Builtin,0x10ae870a0,545,"StringConstructCode"
code-creation,Stub,0x10ae872e0,81,"StackCheckStub"
code-creation,Builtin,0x10ae87340,941,"OnStackReplacement"
code-creation,Builtin,0x10ae87700,133,"Return_DebugBreak"
code-creation,Builtin,0x10ae877a0,165,"ConstructCall_DebugBreak"
code-creation,Builtin,0x10ae87860,127,"StubNoRegisters_DebugBreak"
code-creation,Builtin,0x10ae878e0,131,"LoadIC_DebugBreak"
code-creation,Builtin,0x10ae87980,131,"KeyedLoadIC_DebugBreak"
code-creation,Builtin,0x10ae87a20,133,"StoreIC_DebugBreak"
code-creation,Builtin,0x10ae87ac0,133,"KeyedStoreIC_DebugBreak"
code-creation,Builtin,0x10ae87b60,131,"Slot_DebugBreak"
code-creation,Builtin,0x10ae87c00,65,"PlainReturn_LiveEdit"
code-creation,Builtin,0x10ae87c60,105,"FrameDropper_LiveEdit"
code-creation,Script,0x10ae87ce0,732,"native runtime.js",0x10ae046b8,
code-creation,CallInitialize,0x10ae88040,212,"args_count: 1"
code-creation,CallInitialize,0x10ae88120,212,"args_count: 2"
code-creation,LazyCompile,0x10ae88200,1700,"EQUALS native runtime.js:54",0x10ae02bf8,
code-creation,LazyCompile,0x10ae888c0,344,"STRICT_EQUALS native runtime.js:100",0x10ae02c88,
code-creation,Stub,0x10ae88a20,241,"StringCompareStub"
code-creation,Stub,0x10ae88b20,145,"CompareICStub"
code-creation,LazyCompile,0x10ae88bc0,964,"COMPARE native runtime.js:120",0x10ae02d18,
code-creation,Stub,0x10ae88fa0,1375,"StringAddStub"
code-creation,LazyCompile,0x10ae89500,616,"ADD native runtime.js:163",0x10ae02da8,
code-creation,LazyCompile,0x10ae89780,276,"SUB native runtime.js:214",0x10ae02f58,
code-creation,LazyCompile,0x10ae898a0,276,"MUL native runtime.js:222",0x10ae02fe8,
code-creation,LazyCompile,0x10ae899c0,276,"DIV native runtime.js:230",0x10ae03078,
code-creation,LazyCompile,0x10ae89ae0,276,"MOD native runtime.js:238",0x10ae03108,
code-creation,LazyCompile,0x10ae89c00,276,"BIT_OR native runtime.js:252",0x10ae03198,
code-creation,LazyCompile,0x10ae89d20,384,"BIT_AND native runtime.js:260",0x10ae03228,
code-creation,LazyCompile,0x10ae89ea0,276,"BIT_XOR native runtime.js:282",0x10ae032b8,
code-creation,LazyCompile,0x10ae8a040,216,"UNARY_MINUS native runtime.js:290",0x10ae03348,
code-creation,LazyCompile,0x10ae8a120,216,"BIT_NOT native runtime.js:297",0x10ae033d8,
code-creation,LazyCompile,0x10ae8a200,276,"SHL native runtime.js:304",0x10ae03468,
code-creation,LazyCompile,0x10ae8a320,384,"SAR native runtime.js:312",0x10ae034f8,
code-creation,LazyCompile,0x10ae8a4a0,276,"SHR native runtime.js:334",0x10ae03588,
code-creation,LazyCompile,0x10ae8a5c0,204,"DELETE native runtime.js:348",0x10ae03618,
code-creation,Stub,0x10ae8a6a0,236,"FastCloneShallowArrayStub"
code-creation,Stub,0x10ae8a7a0,90,"ToBooleanStub_None"
code-creation,LazyCompile,0x10ae8a800,528,"IN native runtime.js:354",0x10ae036a8,
code-creation,Stub,0x10ae8aa20,145,"CompareICStub"
code-creation,Stub,0x10ae8aac0,228,"FastCloneShallowArrayStub"
code-creation,LazyCompile,0x10ae8abc0,732,"INSTANCE_OF native runtime.js:367",0x10ae03738,
code-creation,LazyCompile,0x10ae8aea0,144,"GET_KEYS native runtime.js:391",0x10ae037c8,
code-creation,LazyCompile,0x10ae8af40,204,"FILTER_KEY native runtime.js:399",0x10ae03858,
code-creation,Stub,0x10ae8b020,131,"ArgumentsAccessStub_NewNonStrictSlow"
code-creation,LazyCompile,0x10ae8b0c0,432,"CALL_NON_FUNCTION native runtime.js:406",0x10ae038e8,
code-creation,LazyCompile,0x10ae8b280,432,"CALL_NON_FUNCTION_AS_CONSTRUCTOR native runtime.js:415",0x10ae03978,
code-creation,Stub,0x10ae8b440,114,"BinaryOpStub_SUB_Alloc_Uninitialized"
code-creation,Stub,0x10ae8b4c0,185,"ArgumentsAccessStub_ReadElement"
code-creation,LazyCompile,0x10ae8b580,260,"CALL_FUNCTION_PROXY native runtime.js:424",0x10ae03a08,
code-creation,Stub,0x10ae8b6a0,196,"FastNewContextStub"
code-creation,CallInitialize,0x10ae8b780,214,"args_count: 2"
code-creation,LazyCompile,0x10ae8b860,708,"CALL_FUNCTION_PROXY_AS_CONSTRUCTOR native runtime.js:432",0x10ae03a98,
code-creation,LazyCompile,0x10ae8bb40,148,"TO_OBJECT native runtime.js:492",0x10ae03c48,
code-creation,LazyCompile,0x10ae8bbe0,148,"TO_NUMBER native runtime.js:498",0x10ae03cd8,
code-creation,LazyCompile,0x10ae8bc80,148,"TO_STRING native runtime.js:504",0x10ae03d68,
code-creation,Stub,0x10ae8bd20,228,"NumberToStringStub"
code-creation,LazyCompile,0x10ae8c040,604,"STRING_ADD_LEFT native runtime.js:183",0x10ae02e38,
code-creation,LazyCompile,0x10ae8c2a0,616,"STRING_ADD_RIGHT native runtime.js:198",0x10ae02ec8,
code-creation,Stub,0x10ae8c520,145,"CompareICStub"
code-creation,Stub,0x10ae8c5c0,145,"CompareICStub"
code-creation,Stub,0x10ae8c660,145,"CompareICStub"
code-creation,Stub,0x10ae8c700,200,"FastCloneShallowArrayStub"
code-creation,LazyCompile,0x10ae8c7e0,1312,"APPLY_PREPARE native runtime.js:449",0x10ae03b28,
code-creation,LazyCompile,0x10ae8cd00,204,"APPLY_OVERFLOW native runtime.js:486",0x10ae03bb8,
code-creation,CallInitialize,0x10ae8cde0,211,"args_count: 0"
code-creation,CallInitialize,0x10ae8cec0,214,"args_count: 12"
code-creation,CallInitialize,0x10ae8cfa0,223,"args_count: 38"
code-creation,CallInitialize,0x10ae8d080,214,"args_count: 3"
code-creation,Script,0x10ae8d160,2488,"native v8natives.js",0x10ae09dc8,
code-creation,CallPreMonomorphic,0x10ae8db20,211,"args_count: 0"
code-creation,CallInitialize,0x10ae8dc00,214,"args_count: 10"
code-creation,LazyCompile,0x10ae8dce0,592,"SetUpGlobal native v8natives.js:193",0x10ae06ea0,
code-creation,CallPreMonomorphic,0x10ae8e040,214,"args_count: 10"
code-creation,CallPreMonomorphic,0x10ae8e120,214,"args_count: 3"
code-creation,Stub,0x10ae8e200,114,"BinaryOpStub_SAR_Alloc_Uninitialized"
code-creation,Stub,0x10ae8e280,114,"BinaryOpStub_ADD_Alloc_Uninitialized"
code-creation,LazyCompile,0x10ae8e300,556,"InstallFunctions native v8natives.js:48",0x10ae06a20,
code-creation,Stub,0x10ae8e540,176,"CompareICStub"
code-creation,Stub,0x10ae8e600,270,"BinaryOpStub_SAR_Alloc_SMI"
code-creation,Stub,0x10ae8e720,176,"CompareICStub"
code-creation,Stub,0x10ae8e7e0,117,"KeyedLoadElementStub"
code-creation,KeyedLoadIC,0x10ae8e860,98,""
code-creation,KeyedLoadIC,0x10ae8e860,98,"args_count: 0"
code-creation,Stub,0x10ae8e8e0,270,"BinaryOpStub_ADD_Alloc_SMI"
code-creation,CallInitialize,0x10ae8ea00,214,"args_count: 1"
code-creation,LazyCompile,0x10ae8eae0,316,"$Object.constructor native v8natives.js:220",0x10ae09120,
code-creation,LazyCompile,0x10ae8eae0,316,"$Object.constructor native v8natives.js:220",0x10ae09120,
code-creation,CallPreMonomorphic,0x10ae8ec20,214,"args_count: 1"
code-creation,LazyCompile,0x10ae8ed00,440,"ToBoolean native runtime.js:527",0x10ae03e88,
code-creation,StoreIC,0x10ae8eec0,173,"constructor"
code-creation,StoreIC,0x10ae8eec0,173,"constructor"
code-creation,CallPreMonomorphic,0x10ae8ef80,214,"args_count: 12"
code-creation,CallPreMonomorphic,0x10ae8f060,223,"args_count: 38"
code-creation,Stub,0x10ae8f140,114,"BinaryOpStub_ADD_OverwriteLeft_Uninitialized"
code-creation,Stub,0x10ae8f1c0,107,"ToNumberStub"
code-creation,LazyCompile,0x10ae8f240,836,"SetUpLockedPrototype native v8natives.js:79",0x10ae06b40,
code-creation,Stub,0x10ae8f5a0,133,"ToBooleanStub_SpecObject"
code-creation,Stub,0x10ae8f640,270,"BinaryOpStub_ADD_OverwriteLeft_SMI"
code-creation,LazyCompile,0x10ae8f760,372,"a native v8natives.js:1171",0x10ae09c60,
code-creation,LazyCompile,0x10ae8f760,372,"a native v8natives.js:1171",0x10ae09c60,
code-creation,CallInitialize,0x10ae8f8e0,223,"args_count: 20"
code-creation,CallInitialize,0x10ae8f9c0,223,"args_count: 26"
code-creation,LazyCompile,0x10ae8faa0,1028,"SetUpObject native v8natives.js:1186",0x10ae08820,
code-creation,CallPreMonomorphic,0x10ae8fec0,223,"args_count: 20"
code-creation,CallPreMonomorphic,0x10ae90040,223,"args_count: 26"
code-creation,CallInitialize,0x10ae90120,214,"args_count: 4"
code-creation,LazyCompile,0x10ae90200,284,"SetUpBoolean native v8natives.js:1249",0x10ae089d0,
code-creation,CallPreMonomorphic,0x10ae90320,214,"args_count: 4"
code-creation,LazyCompile,0x10ae90400,356,"b native v8natives.js:1264",0x10ae09cf0,
code-creation,LazyCompile,0x10ae90400,356,"b native v8natives.js:1264",0x10ae09cf0,
code-creation,Stub,0x10ae90580,159,"CompareICStub"
code-creation,LazyCompile,0x10ae90620,456,"ToNumber native runtime.js:537",0x10ae03f18,
code-creation,LazyCompile,0x10ae90800,1044,"SetUpNumber native v8natives.js:1372",0x10ae08dc0,
code-creation,Stub,0x10ae90c20,212,"CallFunctionStub_Args0"
code-creation,LazyCompile,0x10ae90d00,904,"NewFunction native v8natives.js:1527",0x10ae09000,
code-creation,LazyCompile,0x10ae90d00,904,"NewFunction native v8natives.js:1527",0x10ae09000,
code-creation,LazyCompile,0x10ae910a0,284,"SetUpFunction native v8natives.js:1553",0x10ae09090,
code-creation,Script,0x10ae911c0,260,"native array.js",0x10ae0d438,
code-creation,Function,0x10ae912e0,260,"getFunction native array.js:1330",0x10ae0e2a8,
code-creation,Stub,0x10ae91400,221,"FastNewClosureStub"
code-creation,Stub,0x10ae914e0,218,"CallFunctionStub_Args2"
code-creation,Stub,0x10ae915c0,218,"CallFunctionStub_Args3"
code-creation,CallInitialize,0x10ae916a0,223,"args_count: 42"
code-creation,CallInitialize,0x10ae91780,214,"args_count: 6"
code-creation,LazyCompile,0x10ae92040,2376,"SetUpArray native array.js:1317",0x10ae0d360,
code-creation,CallPreMonomorphic,0x10ae929a0,214,"args_count: 2"
code-creation,CallPreMonomorphic,0x10ae92a80,212,"args_count: 1"
code-creation,LazyCompile,0x10ae92b60,472,"hasOwnProperty native v8natives.js:264",0x10ae070e0,
code-creation,Stub,0x10ae92d40,119,"ToBooleanStub_Bool"
code-creation,CallMiss,0x10ae92dc0,212,"args_count: 1"
code-creation,CallIC,0x10ae92ea0,154,"hasOwnProperty"
code-creation,KeyedLoadIC,0x10ae92f40,128,"push"
code-creation,KeyedLoadIC,0x10ae92f40,128,"push"
code-creation,KeyedLoadIC,0x10ae92fc0,128,"concat"
code-creation,KeyedLoadIC,0x10ae92fc0,128,"concat"
code-creation,CallPreMonomorphic,0x10ae93040,223,"args_count: 42"
code-creation,LazyCompile,0x10ae93120,232,"InstallFunctionsOnHiddenPrototype native v8natives.js:67",0x10ae06ab0,
code-creation,CallPreMonomorphic,0x10ae93220,214,"args_count: 6"
code-creation,Stub,0x10ae93300,200,"FastCloneShallowArrayStub"
code-creation,Script,0x10ae933e0,904,"native string.js",0x10ae10ce8,
code-creation,LazyCompile,0x10ae93780,408,"b native string.js:36",0x10ae10a60,
code-creation,LazyCompile,0x10ae93780,408,"b native string.js:36",0x10ae10a60,
code-creation,CallInitialize,0x10ae93920,223,"args_count: 70"
code-creation,LazyCompile,0x10ae93a00,1536,"SetUpString native string.js:943",0x10ae109d0,
code-creation,CallPreMonomorphic,0x10ae94040,223,"args_count: 70"
code-creation,LoadIC,0x10ae94120,107,"$Object"
code-creation,LoadIC,0x10ae94120,107,"$Object"
code-creation,CallMiss,0x10ae941a0,214,"args_count: 3"
code-creation,CallIC,0x10ae94280,148,"InstallFunctions"
code-creation,Script,0x10ae94320,268,"native uri.js",0x10ae12c98,
code-creation,LazyCompile,0x10ae94440,396,"SetUpUri native uri.js:395",0x10ae12bc0,
code-creation,Script,0x10ae945e0,616,"native math.js",0x10ae14118,
code-creation,LazyCompile,0x10ae94860,116,"MathConstructor native math.js:38",0x10ae13548,
code-creation,CallInitialize,0x10ae948e0,223,"args_count: 36"
code-creation,LazyCompile,0x10ae949c0,1480,"SetUpMath native math.js:198",0x10ae14040,
code-creation,CallPreMonomorphic,0x10ae94fa0,223,"args_count: 36"
code-creation,CallInitialize,0x10ae95080,214,"args_count: 5"
code-creation,CallInitialize,0x10ae95160,214,"args_count: 14"
code-creation,CallInitialize,0x10ae95240,223,"args_count: 30"
code-creation,Script,0x10ae95320,2520,"native messages.js",0x10ae18e08,
code-creation,LazyCompile,0x10ae95d00,184,"b native messages.js:124",0x10ae18d30,
code-creation,LazyCompile,0x10ae95d00,184,"b native messages.js:124",0x10ae18d30,
code-creation,CallPreMonomorphic,0x10ae95dc0,214,"args_count: 5"
code-creation,CallPreMonomorphic,0x10ae95ea0,214,"args_count: 14"
code-creation,CallPreMonomorphic,0x10ae96040,223,"args_count: 30"
code-creation,Stub,0x10ae96120,218,"CallFunctionStub_Args1"
code-creation,LazyCompile,0x10ae96200,428,"SetUpError native messages.js:1069",0x10ae18b80,
code-creation,Function,0x10ae963c0,116,"ErrorPrototype native messages.js:1088",0x10ae1a7e8,
code-creation,Function,0x10ae96440,204," native messages.js:1115",0x10ae1a8c0,
code-creation,Function,0x10ae96520,560," native messages.js:1104",0x10ae1a998,
code-creation,LazyCompile,0x10ae96760,836,"DefineError native messages.js:1072",0x10ae1a2e0,
code-creation,Stub,0x10ae96ac0,1336,"StringAddStub"
code-creation,Stub,0x10ae97000,172,"BinaryOpStub_ADD_Alloc_BothStrings"
code-creation,Stub,0x10ae970c0,186,"CompareICStub"
code-creation,LazyCompile,0x10ae96520,560," native messages.js:1104",0x10ae1a998,
code-creation,LoadIC,0x10ae97180,107,"global"
code-creation,LoadIC,0x10ae97180,107,"global"
code-creation,LoadIC,0x10ae97200,107,"builtins"
code-creation,LoadIC,0x10ae97200,107,"builtins"
code-creation,Stub,0x10ae97280,534,"CompareStub_EQ_STRICT"
code-creation,Function,0x10ae974a0,152," native messages.js:1063",0x10ae1aad8,
code-creation,LazyCompile,0x10ae97540,496,"captureStackTrace native messages.js:1054",0x10ae18af0,
code-creation,Stub,0x10ae97740,106,"ToBooleanStub_Undefined"
code-creation,LazyCompile,0x10ae96520,560," native messages.js:1104",0x10ae1a998,
code-creation,LoadIC,0x10ae977c0,107,"$Error"
code-creation,LoadIC,0x10ae977c0,107,"$Error"
code-creation,LoadIC,0x10ae97840,107,"kAddMessageAccessorsMarker"
code-creation,LoadIC,0x10ae97840,107,"kAddMessageAccessorsMarker"
code-creation,CallMiss,0x10ae978c0,214,"args_count: 2"
code-creation,CallIC,0x10ae979a0,148,"captureStackTrace"
code-creation,LoadIC,0x10ae97a40,162,""
code-creation,LoadIC,0x10ae97a40,162,""
code-creation,LazyCompile,0x10ae96520,560," native messages.js:1104",0x10ae1a998,
code-creation,LazyCompile,0x10ae96520,560," native messages.js:1104",0x10ae1a998,
code-creation,LazyCompile,0x10ae96520,560," native messages.js:1104",0x10ae1a998,
code-creation,LazyCompile,0x10ae96520,560," native messages.js:1104",0x10ae1a998,
code-creation,LazyCompile,0x10ae96520,560," native messages.js:1104",0x10ae1a998,
code-creation,LazyCompile,0x10ae97b00,168,"MakeRangeError native messages.js:297",0x10ae173b8,
code-creation,LazyCompile,0x10ae97bc0,280,"MakeGenericError native messages.js:107",0x10ae170e8,
code-creation,Stub,0x10ae97ce0,211,"FastNewContextStub"
code-creation,Function,0x10ae97dc0,352,"getter native messages.js:733",0x10ae1ad28,
code-creation,Function,0x10ae98040,276,"setter native messages.js:741",0x10ae1ae00,
code-creation,LazyCompile,0x10ae98160,576,"DefineOneShotAccessor native messages.js:727",0x10ae17e68,
code-creation,StoreIC,0x10ae983a0,169,"get"
code-creation,StoreIC,0x10ae983a0,169,"get"
code-creation,StoreIC,0x10ae98460,169,"set"
code-creation,StoreIC,0x10ae98460,169,"set"
code-creation,LazyCompile,0x10ae98520,1836,"ToPropertyDescriptor native v8natives.js:432",0x10ae078c0,
code-creation,LazyCompile,0x10ae98c60,448,"PropertyDescriptor native v8natives.js:494",0x10ae079e0,
code-creation,LazyCompile,0x10ae98e20,408,"ToString native runtime.js:560",0x10ae040d0,
code-creation,LazyCompile,0x10ae98fc0,168,"$Array.writable_ native v8natives.js:538",0x10ae093f0,
code-creation,StoreIC,0x10ae99080,169,"enumerable_"
code-creation,StoreIC,0x10ae99080,169,"enumerable_"
code-creation,StoreIC,0x10ae99140,169,"hasEnumerable_"
code-creation,StoreIC,0x10ae99140,169,"hasEnumerable_"
code-creation,CallIC,0x10ae99200,147,"ToString"
code-creation,LazyCompile,0x10ae992a0,168,"$Array.get_ native v8natives.js:558",0x10ae09750,
code-creation,StoreIC,0x10ae99360,169,"configurable_"
code-creation,StoreIC,0x10ae99360,169,"configurable_"
code-creation,StoreIC,0x10ae99420,169,"hasConfigurable_"
code-creation,StoreIC,0x10ae99420,169,"hasConfigurable_"
code-creation,Stub,0x10ae994e0,186,"CompareICStub"
code-creation,LazyCompile,0x10ae995a0,168,"$Array.set_ native v8natives.js:568",0x10ae09900,
code-creation,StoreIC,0x10ae99660,169,"get_"
code-creation,StoreIC,0x10ae99660,169,"get_"
code-creation,StoreIC,0x10ae99720,169,"hasGetter_"
code-creation,StoreIC,0x10ae99720,169,"hasGetter_"
code-creation,LazyCompile,0x10ae997e0,168,"d native v8natives.js:578",0x10ae09ab0,
code-creation,StoreIC,0x10ae998a0,169,"set_"
code-creation,StoreIC,0x10ae998a0,169,"set_"
code-creation,StoreIC,0x10ae99960,169,"hasSetter_"
code-creation,StoreIC,0x10ae99960,169,"hasSetter_"
code-creation,LazyCompile,0x10ae99a20,196,"IsInconsistentDescriptor native v8natives.js:379",0x10ae07710,
code-creation,CallInitialize,0x10ae99b00,209,"args_count: 0"
code-creation,LazyCompile,0x10ae99be0,236,"IsAccessorDescriptor native v8natives.js:360",0x10ae07560,
code-creation,CallPreMonomorphic,0x10ae99ce0,209,"args_count: 0"
code-creation,LazyCompile,0x10ae99dc0,140,"$Array.set_ native v8natives.js:575",0x10ae09a20,
code-creation,LazyCompile,0x10ae99e60,236,"IsDataDescriptor native v8natives.js:367",0x10ae075f0,
code-creation,LazyCompile,0x10ae99f60,140,"$Array.enumerable_ native v8natives.js:535",0x10ae09360,
code-creation,LazyCompile,0x10ae9a040,140,"$Array.configurable_ native v8natives.js:555",0x10ae096c0,
code-creation,Stub,0x10ae9a0e0,114,"BinaryOpStub_BIT_OR_Alloc_Uninitialized"
code-creation,LazyCompile,0x10ae9a160,5068,"DefineOwnProperty native v8natives.js:692",0x10ae07e60,
code-creation,LazyCompile,0x10ae9b540,496,"ToObject native runtime.js:577",0x10ae041f0,
code-creation,LazyCompile,0x10ae9b740,524,"ConvertDescriptorArrayToDescriptor native v8natives.js:593",0x10ae07a70,
code-creation,LazyCompile,0x10ae9b960,140,"$Array.writable_ native v8natives.js:545",0x10ae09510,
code-creation,LazyCompile,0x10ae9ba00,140,"$Array.writable_ native v8natives.js:542",0x10ae09480,
code-creation,Stub,0x10ae9baa0,255,"BinaryOpStub_BIT_OR_Alloc_SMI"
code-creation,LazyCompile,0x10ae9bba0,140,"$Array.get_ native v8natives.js:562",0x10ae097e0,
code-creation,LazyCompile,0x10ae9bc40,140,"$Array.get_ native v8natives.js:565",0x10ae09870,
code-creation,CallMiss,0x10ae9bce0,209,"args_count: 0"
code-creation,CallIC,0x10ae9bdc0,197,"hasValue"
code-creation,LoadIC,0x10ae9bea0,102,"hasValue_"
code-creation,LoadIC,0x10ae9bea0,102,"hasValue_"
code-creation,CallIC,0x10ae9bf20,200,"hasWritable"
code-creation,LoadIC,0x10ae9c040,102,"hasWritable_"
code-creation,LoadIC,0x10ae9c040,102,"hasWritable_"
code-creation,LazyCompile,0x10ae9c0c0,220,"IsGenericDescriptor native v8natives.js:374",0x10ae07680,
code-creation,CallIC,0x10ae9c1a0,197,"hasGetter"
code-creation,LoadIC,0x10ae9c280,102,"hasGetter_"
code-creation,LoadIC,0x10ae9c280,102,"hasGetter_"
code-creation,CallMiss,0x10ae9c300,214,"args_count: 1"
code-creation,CallIC,0x10ae9c3e0,148,"IsAccessorDescriptor"
code-creation,LazyCompile,0x10ae9c480,140,"$Array.set_ native v8natives.js:572",0x10ae09990,
code-creation,LazyCompile,0x10ae9c520,140," native v8natives.js:585",0x10ae09bd0,
code-creation,LazyCompile,0x10ae9c5c0,140,"d native v8natives.js:582",0x10ae09b40,
code-creation,LoadIC,0x10ae9c660,162,""
code-creation,LoadIC,0x10ae9c660,162,""
code-creation,StoreIC,0x10ae9c720,173,"type"
code-creation,StoreIC,0x10ae9c720,173,"type"
code-creation,StoreIC,0x10ae9c7e0,173,"arguments"
code-creation,StoreIC,0x10ae9c7e0,173,"arguments"
code-creation,Script,0x10ae9c8a0,288,"native apinatives.js",0x10ae1baf8,
code-creation,Stub,0x10ae9c9c0,244,"FastCloneShallowArrayStub"
code-creation,Script,0x10ae9cac0,1628,"native date.js",0x10ae1f5e8,
code-creation,StoreIC,0x10ae9d120,169,"time"
code-creation,StoreIC,0x10ae9d120,169,"time"
code-creation,StoreIC,0x10ae9d1e0,169,"year"
code-creation,StoreIC,0x10ae9d1e0,169,"year"
code-creation,Stub,0x10ae9d2a0,145,"CompareICStub"
code-creation,LazyCompile,0x10ae9d340,1824,"WeekDays native date.js:398",0x10ae1f510,
code-creation,LazyCompile,0x10ae9d340,1824,"WeekDays native date.js:398",0x10ae1f510,
code-creation,LazyCompile,0x10ae9da60,336,"TimeClip native date.js:378",0x10ae1d338,
code-creation,LazyCompile,0x10ae9dbc0,440,"isFinite native v8natives.js:115",0x10ae06c60,
code-creation,Stub,0x10ae9dd80,487,"CompareStub_EQ"
code-creation,Stub,0x10ae9e040,215,"CompareICStub"
code-creation,CallInitialize,0x10ae9e120,223,"args_count: 92"
code-creation,LazyCompile,0x10ae9e200,1952,"SetUpDate native date.js:1051",0x10ae1f480,
code-creation,CallPreMonomorphic,0x10ae9e9a0,223,"args_count: 92"
code-creation,Script,0x10ae9ea80,472,"native regexp.js",0x10ae21bb8,
code-creation,Function,0x10ae9ec60,212,"RegExpGetInput native regexp.js:429",0x10ae22238,
code-creation,Function,0x10ae9ed40,176,"RegExpSetInput native regexp.js:433",0x10ae22310,
code-creation,Function,0x10ae9ee00,128,"RegExpGetMultiline native regexp.js:453",0x10ae223e0,
code-creation,Function,0x10ae9ee80,236,"RegExpSetMultiline native regexp.js:454",0x10ae224b8,
code-creation,Function,0x10ae9ef80,116,"NoOpSetter native regexp.js:462",0x10ae22590,
code-creation,CallInitialize,0x10ae9f000,214,"args_count: 8"
code-creation,LazyCompile,0x10ae9f0e0,3152,"SetUpRegExp native regexp.js:409",0x10ae21ae0,
code-creation,LazyCompile,0x10ae9fd40,308,"RegExpConstructor native regexp.js:86",0x10ae21390,
code-creation,LazyCompile,0x10ae9fd40,308,"RegExpConstructor native regexp.js:86",0x10ae21390,
code-creation,CallPreMonomorphic,0x10ae9fe80,214,"args_count: 8"
code-creation,Stub,0x10aea0040,1568,"StringAddStub"
code-creation,Stub,0x10aea0660,1565,"StringAddStub"
code-creation,Stub,0x10aea0c80,171,"BinaryOpStub_ADD_Alloc_Strings"
code-creation,CallPreMonomorphic,0x10aea0d40,212,"args_count: 2"
code-creation,LazyCompile,0x10aea0e20,448,"ToPrimitive native runtime.js:516",0x10ae03df8,
code-creation,Stub,0x10aea0fe0,114,"BinaryOpStub_MUL_Alloc_Uninitialized"
code-creation,Stub,0x10aea1060,114,"BinaryOpStub_ADD_OverwriteRight_Uninitialized"
code-creation,Function,0x10aea10e0,588," native regexp.js:372",0x10ae22938,
code-creation,LazyCompile,0x10aea1340,220,"RegExpMakeCaptureGetter native regexp.js:371",0x10ae21a50,
code-creation,CallMiss,0x10aea1420,212,"args_count: 2"
code-creation,CallIC,0x10aea1500,147,"ToPrimitive"
code-creation,LoadIC,0x10aea15a0,107,"$RegExp"
code-creation,LoadIC,0x10aea15a0,107,"$RegExp"
code-creation,CallIC,0x10aea1620,148,"RegExpMakeCaptureGetter"
code-creation,Script,0x10aea16c0,264,"native json.js",0x10ae23298,
code-creation,LazyCompile,0x10aea17e0,268,"SetUpJSON native json.js:340",0x10ae231c0,
code-delete,0x10ae8e860
code-delete,0x10ae8eec0
code-delete,0x10ae92ea0
code-delete,0x10ae92f40
code-delete,0x10ae92fc0
code-delete,0x10ae94120
code-delete,0x10ae94280
code-delete,0x10ae97180
code-delete,0x10ae97200
code-delete,0x10ae977c0
code-delete,0x10ae97840
code-delete,0x10ae979a0
code-delete,0x10ae97a40
code-delete,0x10ae983a0
code-delete,0x10ae98460
code-delete,0x10ae99080
code-delete,0x10ae99140
code-delete,0x10ae99200
code-delete,0x10ae99360
code-delete,0x10ae99420
code-delete,0x10ae99660
code-delete,0x10ae99720
code-delete,0x10ae998a0
code-delete,0x10ae99960
code-delete,0x10ae9bdc0
code-delete,0x10ae9bea0
code-delete,0x10ae9bf20
code-delete,0x10ae9c040
code-delete,0x10ae9c1a0
code-delete,0x10ae9c280
code-delete,0x10ae9c3e0
code-delete,0x10ae9c660
code-delete,0x10ae9c720
code-delete,0x10ae9c7e0
code-delete,0x10ae9d120
code-delete,0x10ae9d1e0
code-delete,0x10aea1500
code-delete,0x10aea15a0
code-delete,0x10aea1620
sfi-move,0x10ae00c70,0x10ae00c70
sfi-move,0x10ae00d60,0x10ae00d60
sfi-move,0x10ae00ee8,0x10ae00ee8
sfi-move,0x10ae00fc0,0x10ae00fc0
sfi-move,0x10ae010c8,0x10ae010c8
sfi-move,0x10ae011c0,0x10ae011c0
sfi-move,0x10ae01298,0x10ae01298
sfi-move,0x10ae01370,0x10ae01370
sfi-move,0x10ae01448,0x10ae01448
sfi-move,0x10ae01520,0x10ae01520
sfi-move,0x10ae015f8,0x10ae015f8
sfi-move,0x10ae016d0,0x10ae016d0
sfi-move,0x10ae017a8,0x10ae017a8
sfi-move,0x10ae01898,0x10ae01898
sfi-move,0x10ae019b0,0x10ae019b0
sfi-move,0x10ae01a88,0x10ae01a88
sfi-move,0x10ae01b60,0x10ae01b60
sfi-move,0x10ae02040,0x10ae02040
sfi-move,0x10ae02348,0x10ae02348
sfi-move,0x10ae02420,0x10ae02420
sfi-move,0x10ae02580,0x10ae02580
sfi-move,0x10ae02670,0x10ae02670
sfi-move,0x10ae02bf8,0x10ae02b40
sfi-move,0x10ae02c88,0x10ae02bd0
sfi-move,0x10ae02d18,0x10ae02c60
sfi-move,0x10ae02da8,0x10ae02cf0
sfi-move,0x10ae02e38,0x10ae02d80
sfi-move,0x10ae02ec8,0x10ae02e10
sfi-move,0x10ae02f58,0x10ae02ea0
sfi-move,0x10ae02fe8,0x10ae02f30
sfi-move,0x10ae03078,0x10ae02fc0
sfi-move,0x10ae03108,0x10ae03050
sfi-move,0x10ae03198,0x10ae030e0
sfi-move,0x10ae03228,0x10ae03170
sfi-move,0x10ae032b8,0x10ae03200
sfi-move,0x10ae03348,0x10ae03290
sfi-move,0x10ae033d8,0x10ae03320
sfi-move,0x10ae03468,0x10ae033b0
sfi-move,0x10ae034f8,0x10ae03440
sfi-move,0x10ae03588,0x10ae034d0
sfi-move,0x10ae03618,0x10ae03560
sfi-move,0x10ae036a8,0x10ae035f0
sfi-move,0x10ae03738,0x10ae03680
sfi-move,0x10ae037c8,0x10ae03710
sfi-move,0x10ae03858,0x10ae037a0
sfi-move,0x10ae038e8,0x10ae03830
sfi-move,0x10ae03978,0x10ae038c0
sfi-move,0x10ae03a08,0x10ae03950
sfi-move,0x10ae03a98,0x10ae039e0
sfi-move,0x10ae03b28,0x10ae03a70
sfi-move,0x10ae03bb8,0x10ae03b00
sfi-move,0x10ae03c48,0x10ae03b90
sfi-move,0x10ae03cd8,0x10ae03c20
sfi-move,0x10ae03d68,0x10ae03cb0
sfi-move,0x10ae03df8,0x10ae03d40
sfi-move,0x10ae03e88,0x10ae03dd0
sfi-move,0x10ae03f18,0x10ae03e60
sfi-move,0x10ae04040,0x10ae03ef0
sfi-move,0x10ae040d0,0x10ae04040
sfi-move,0x10ae04160,0x10ae040d0
sfi-move,0x10ae041f0,0x10ae04160
sfi-move,0x10ae04280,0x10ae041f0
sfi-move,0x10ae04310,0x10ae04280
sfi-move,0x10ae043a0,0x10ae04310
sfi-move,0x10ae04430,0x10ae043a0
sfi-move,0x10ae044c0,0x10ae04430
sfi-move,0x10ae04550,0x10ae044c0
sfi-move,0x10ae045e0,0x10ae04550
sfi-move,0x10ae046b8,0x10ae04628
sfi-move,0x10ae06a20,0x10ae06520
sfi-move,0x10ae06ab0,0x10ae065b0
sfi-move,0x10ae06b40,0x10ae06640
sfi-move,0x10ae06bd0,0x10ae066d0
sfi-move,0x10ae06c60,0x10ae06760
sfi-move,0x10ae06cf0,0x10ae067f0
sfi-move,0x10ae06d80,0x10ae06880
sfi-move,0x10ae06e10,0x10ae06910
sfi-move,0x10ae06ea0,0x10ae069a0
sfi-move,0x10ae06f30,0x10ae06a30
sfi-move,0x10ae06fc0,0x10ae06ac0
sfi-move,0x10ae07050,0x10ae06b50
sfi-move,0x10ae070e0,0x10ae06be0
sfi-move,0x10ae07170,0x10ae06c70
sfi-move,0x10ae07200,0x10ae06d00
sfi-move,0x10ae07290,0x10ae06d90
sfi-move,0x10ae07320,0x10ae06e20
sfi-move,0x10ae073b0,0x10ae06eb0
sfi-move,0x10ae07440,0x10ae06f40
sfi-move,0x10ae074d0,0x10ae06fd0
sfi-move,0x10ae07560,0x10ae07060
sfi-move,0x10ae075f0,0x10ae070f0
sfi-move,0x10ae07680,0x10ae07180
sfi-move,0x10ae07710,0x10ae07210
sfi-move,0x10ae077a0,0x10ae072a0
sfi-move,0x10ae07830,0x10ae07330
sfi-move,0x10ae078c0,0x10ae073c0
sfi-move,0x10ae07950,0x10ae07450
sfi-move,0x10ae079e0,0x10ae074e0
sfi-move,0x10ae07a70,0x10ae07570
sfi-move,0x10ae07b00,0x10ae07600
sfi-move,0x10ae07b90,0x10ae07690
sfi-move,0x10ae07c20,0x10ae07720
sfi-move,0x10ae07cb0,0x10ae077b0
sfi-move,0x10ae07d40,0x10ae07840
sfi-move,0x10ae07dd0,0x10ae078d0
sfi-move,0x10ae07e60,0x10ae07960
sfi-move,0x10ae07ef0,0x10ae079f0
sfi-move,0x10ae08040,0x10ae07a80
sfi-move,0x10ae080d0,0x10ae07b10
sfi-move,0x10ae08160,0x10ae07ba0
sfi-move,0x10ae081f0,0x10ae07c30
sfi-move,0x10ae08280,0x10ae07cc0
sfi-move,0x10ae08310,0x10ae07d50
sfi-move,0x10ae083a0,0x10ae07de0
sfi-move,0x10ae08430,0x10ae07e70
sfi-move,0x10ae084c0,0x10ae07f00
sfi-move,0x10ae08550,0x10ae08040
sfi-move,0x10ae085e0,0x10ae080d0
sfi-move,0x10ae08670,0x10ae08160
sfi-move,0x10ae08700,0x10ae081f0
sfi-move,0x10ae08790,0x10ae08280
sfi-move,0x10ae08820,0x10ae08310
sfi-move,0x10ae088b0,0x10ae083a0
sfi-move,0x10ae08940,0x10ae08430
sfi-move,0x10ae089d0,0x10ae084c0
sfi-move,0x10ae08a60,0x10ae08550
sfi-move,0x10ae08af0,0x10ae085e0
sfi-move,0x10ae08b80,0x10ae08670
sfi-move,0x10ae08c10,0x10ae08700
sfi-move,0x10ae08ca0,0x10ae08790
sfi-move,0x10ae08d30,0x10ae08820
sfi-move,0x10ae08dc0,0x10ae088b0
sfi-move,0x10ae08e50,0x10ae08940
sfi-move,0x10ae08ee0,0x10ae089d0
sfi-move,0x10ae08f70,0x10ae08a60
sfi-move,0x10ae09000,0x10ae08af0
sfi-move,0x10ae09090,0x10ae08b80
sfi-move,0x10ae09120,0x10ae08c10
sfi-move,0x10ae091b0,0x10ae08ca0
sfi-move,0x10ae09240,0x10ae08d30
sfi-move,0x10ae092d0,0x10ae08dc0
sfi-move,0x10ae09360,0x10ae08e50
sfi-move,0x10ae093f0,0x10ae08ee0
sfi-move,0x10ae09480,0x10ae08f70
sfi-move,0x10ae09510,0x10ae09000
sfi-move,0x10ae095a0,0x10ae09090
sfi-move,0x10ae09630,0x10ae09120
sfi-move,0x10ae096c0,0x10ae091b0
sfi-move,0x10ae09750,0x10ae09240
sfi-move,0x10ae097e0,0x10ae092d0
sfi-move,0x10ae09870,0x10ae09360
sfi-move,0x10ae09900,0x10ae093f0
sfi-move,0x10ae09990,0x10ae09480
sfi-move,0x10ae09a20,0x10ae09510
sfi-move,0x10ae09ab0,0x10ae095a0
sfi-move,0x10ae09b40,0x10ae09630
sfi-move,0x10ae09bd0,0x10ae096c0
sfi-move,0x10ae09c60,0x10ae09750
sfi-move,0x10ae09cf0,0x10ae097e0
sfi-move,0x10ae09dc8,0x10ae098b8
sfi-move,0x10ae0c040,0x10ae0b7e0
sfi-move,0x10ae0c0d0,0x10ae0b870
sfi-move,0x10ae0c160,0x10ae0b900
sfi-move,0x10ae0c1f0,0x10ae0b990
sfi-move,0x10ae0c280,0x10ae0ba20
sfi-move,0x10ae0c310,0x10ae0bab0
sfi-move,0x10ae0c3a0,0x10ae0bb40
sfi-move,0x10ae0c430,0x10ae0bbd0
sfi-move,0x10ae0c4c0,0x10ae0bc60
sfi-move,0x10ae0c550,0x10ae0bcf0
sfi-move,0x10ae0c5e0,0x10ae0bd80
sfi-move,0x10ae0c670,0x10ae0be10
sfi-move,0x10ae0c700,0x10ae0bea0
sfi-move,0x10ae0c790,0x10ae0bf30
sfi-move,0x10ae0c820,0x10ae0c040
sfi-move,0x10ae0c8b0,0x10ae0c0d0
sfi-move,0x10ae0c940,0x10ae0c160
sfi-move,0x10ae0c9d0,0x10ae0c1f0
sfi-move,0x10ae0ca60,0x10ae0c280
sfi-move,0x10ae0caf0,0x10ae0c310
sfi-move,0x10ae0cb80,0x10ae0c3a0
sfi-move,0x10ae0cc10,0x10ae0c430
sfi-move,0x10ae0cca0,0x10ae0c4c0
sfi-move,0x10ae0cd30,0x10ae0c550
sfi-move,0x10ae0cdc0,0x10ae0c5e0
sfi-move,0x10ae0ce50,0x10ae0c670
sfi-move,0x10ae0cee0,0x10ae0c700
sfi-move,0x10ae0cf70,0x10ae0c790
sfi-move,0x10ae0d000,0x10ae0c820
sfi-move,0x10ae0d090,0x10ae0c8b0
sfi-move,0x10ae0d120,0x10ae0c940
sfi-move,0x10ae0d1b0,0x10ae0c9d0
sfi-move,0x10ae0d240,0x10ae0ca60
sfi-move,0x10ae0d2d0,0x10ae0caf0
sfi-move,0x10ae0d360,0x10ae0cb80
sfi-move,0x10ae0d438,0x10ae0cc58
sfi-move,0x10ae0e2a8,0x10ae0da20
sfi-move,0x10ae0e390,0x10ae0db08
sfi-move,0x10ae0e468,0x10ae0dbe0
sfi-move,0x10ae0e540,0x10ae0dcb8
sfi-move,0x10ae0e618,0x10ae0dd90
sfi-move,0x10ae0e6f0,0x10ae0de68
sfi-move,0x10ae0e7c8,0x10ae0df40
sfi-move,0x10ae0e8a0,0x10ae0e088
sfi-move,0x10ae0f068,0x10ae0e5c8
sfi-move,0x10ae0f0f8,0x10ae0e658
sfi-move,0x10ae0f188,0x10ae0e6e8
sfi-move,0x10ae0f218,0x10ae0e778
sfi-move,0x10ae0f2a8,0x10ae0e808
sfi-move,0x10ae0f338,0x10ae0e898
sfi-move,0x10ae0f3c8,0x10ae0e928
sfi-move,0x10ae0f458,0x10ae0e9b8
sfi-move,0x10ae0f4e8,0x10ae0ea48
sfi-move,0x10ae0f578,0x10ae0ead8
sfi-move,0x10ae0f608,0x10ae0eb68
sfi-move,0x10ae0f698,0x10ae0ebf8
sfi-move,0x10ae0f728,0x10ae0ec88
sfi-move,0x10ae0f7b8,0x10ae0ed18
sfi-move,0x10ae0f848,0x10ae0eda8
sfi-move,0x10ae0f8d8,0x10ae0ee38
sfi-move,0x10ae0f968,0x10ae0eec8
sfi-move,0x10ae0f9f8,0x10ae0ef58
sfi-move,0x10ae0fa88,0x10ae0efe8
sfi-move,0x10ae0fb18,0x10ae0f078
sfi-move,0x10ae0fba8,0x10ae0f108
sfi-move,0x10ae0fc38,0x10ae0f198
sfi-move,0x10ae0fcc8,0x10ae0f228
sfi-move,0x10ae0fd58,0x10ae0f2b8
sfi-move,0x10ae0fde8,0x10ae0f348
sfi-move,0x10ae0fe78,0x10ae0f3d8
sfi-move,0x10ae0ff08,0x10ae0f468
sfi-move,0x10ae10040,0x10ae0f4f8
sfi-move,0x10ae100d0,0x10ae0f588
sfi-move,0x10ae10160,0x10ae0f618
sfi-move,0x10ae101f0,0x10ae0f6a8
sfi-move,0x10ae10280,0x10ae0f738
sfi-move,0x10ae10310,0x10ae0f7c8
sfi-move,0x10ae103a0,0x10ae0f858
sfi-move,0x10ae10430,0x10ae0f8e8
sfi-move,0x10ae104c0,0x10ae0f978
sfi-move,0x10ae10550,0x10ae0fa08
sfi-move,0x10ae105e0,0x10ae0fa98
sfi-move,0x10ae10670,0x10ae0fb28
sfi-move,0x10ae10700,0x10ae0fbb8
sfi-move,0x10ae10790,0x10ae0fc48
sfi-move,0x10ae10820,0x10ae0fcd8
sfi-move,0x10ae108b0,0x10ae0fd68
sfi-move,0x10ae10940,0x10ae0fdf8
sfi-move,0x10ae109d0,0x10ae0fe88
sfi-move,0x10ae10a60,0x10ae0ff18
sfi-move,0x10ae10af0,0x10ae10040
sfi-move,0x10ae10b80,0x10ae100d0
sfi-move,0x10ae10c10,0x10ae10160
sfi-move,0x10ae10ce8,0x10ae10238
sfi-move,0x10ae121a0,0x10ae114c8
sfi-move,0x10ae12230,0x10ae11558
sfi-move,0x10ae122c0,0x10ae115e8
sfi-move,0x10ae12350,0x10ae11678
sfi-move,0x10ae123e0,0x10ae11708
sfi-move,0x10ae12470,0x10ae11798
sfi-move,0x10ae12500,0x10ae11828
sfi-move,0x10ae12590,0x10ae118b8
sfi-move,0x10ae12620,0x10ae11948
sfi-move,0x10ae126b0,0x10ae119d8
sfi-move,0x10ae12740,0x10ae11a68
sfi-move,0x10ae127d0,0x10ae11af8
sfi-move,0x10ae12860,0x10ae11b88
sfi-move,0x10ae128f0,0x10ae11c18
sfi-move,0x10ae12980,0x10ae11ca8
sfi-move,0x10ae12a10,0x10ae11d38
sfi-move,0x10ae12aa0,0x10ae11dc8
sfi-move,0x10ae12b30,0x10ae11e58
sfi-move,0x10ae12bc0,0x10ae11ee8
sfi-move,0x10ae12c98,0x10ae12040
sfi-move,0x10ae13548,0x10ae128a8
sfi-move,0x10ae135d8,0x10ae12938
sfi-move,0x10ae13668,0x10ae129c8
sfi-move,0x10ae136f8,0x10ae12a58
sfi-move,0x10ae13788,0x10ae12ae8
sfi-move,0x10ae13818,0x10ae12b78
sfi-move,0x10ae138a8,0x10ae12c08
sfi-move,0x10ae13938,0x10ae12c98
sfi-move,0x10ae139c8,0x10ae12d28
sfi-move,0x10ae13a58,0x10ae12db8
sfi-move,0x10ae13ae8,0x10ae12e48
sfi-move,0x10ae13b78,0x10ae12ed8
sfi-move,0x10ae13c08,0x10ae12f68
sfi-move,0x10ae13c98,0x10ae12ff8
sfi-move,0x10ae13d28,0x10ae13088
sfi-move,0x10ae13db8,0x10ae13118
sfi-move,0x10ae13e48,0x10ae131a8
sfi-move,0x10ae13ed8,0x10ae13238
sfi-move,0x10ae13f68,0x10ae132c8
sfi-move,0x10ae14040,0x10ae13358
sfi-move,0x10ae14118,0x10ae13430
sfi-move,0x10ae16ea8,0x10ae13f30
sfi-move,0x10ae16f38,0x10ae14040
sfi-move,0x10ae16fc8,0x10ae140d0
sfi-move,0x10ae17058,0x10ae14160
sfi-move,0x10ae170e8,0x10ae141f0
sfi-move,0x10ae17178,0x10ae14280
sfi-move,0x10ae17208,0x10ae14310
sfi-move,0x10ae17298,0x10ae143a0
sfi-move,0x10ae17328,0x10ae14430
sfi-move,0x10ae173b8,0x10ae144c0
sfi-move,0x10ae17448,0x10ae14550
sfi-move,0x10ae174d8,0x10ae145e0
sfi-move,0x10ae17568,0x10ae14670
sfi-move,0x10ae175f8,0x10ae14700
sfi-move,0x10ae17688,0x10ae14790
sfi-move,0x10ae17718,0x10ae14820
sfi-move,0x10ae177a8,0x10ae148b0
sfi-move,0x10ae17838,0x10ae14940
sfi-move,0x10ae178c8,0x10ae149d0
sfi-move,0x10ae17958,0x10ae14a60
sfi-move,0x10ae179e8,0x10ae14af0
sfi-move,0x10ae17a78,0x10ae14b80
sfi-move,0x10ae17b08,0x10ae14c10
sfi-move,0x10ae17b98,0x10ae14ca0
sfi-move,0x10ae17c28,0x10ae14d30
sfi-move,0x10ae17cb8,0x10ae14dc0
sfi-move,0x10ae17d48,0x10ae14e50
sfi-move,0x10ae17dd8,0x10ae14ee0
sfi-move,0x10ae17e68,0x10ae14f70
sfi-move,0x10ae17ef8,0x10ae15000
sfi-move,0x10ae18040,0x10ae15090
sfi-move,0x10ae180d0,0x10ae15120
sfi-move,0x10ae18160,0x10ae151b0
sfi-move,0x10ae181f0,0x10ae15240
sfi-move,0x10ae18280,0x10ae152d0
sfi-move,0x10ae18310,0x10ae15360
sfi-move,0x10ae183a0,0x10ae153f0
sfi-move,0x10ae18430,0x10ae15480
sfi-move,0x10ae184c0,0x10ae15510
sfi-move,0x10ae18550,0x10ae155a0
sfi-move,0x10ae185e0,0x10ae15630
sfi-move,0x10ae18670,0x10ae156c0
sfi-move,0x10ae18700,0x10ae15750
sfi-move,0x10ae18790,0x10ae157e0
sfi-move,0x10ae18820,0x10ae15870
sfi-move,0x10ae188b0,0x10ae15900
sfi-move,0x10ae18940,0x10ae15990
sfi-move,0x10ae189d0,0x10ae15a20
sfi-move,0x10ae18a60,0x10ae15ab0
sfi-move,0x10ae18af0,0x10ae15b40
sfi-move,0x10ae18b80,0x10ae15bd0
sfi-move,0x10ae18c10,0x10ae15c60
sfi-move,0x10ae18ca0,0x10ae15cf0
sfi-move,0x10ae18d30,0x10ae15d80
sfi-move,0x10ae18e08,0x10ae15e58
sfi-move,0x10ae1a2e0,0x10ae172d8
sfi-move,0x10ae1a370,0x10ae17368
sfi-move,0x10ae1a400,0x10ae173f8
sfi-move,0x10ae1a490,0x10ae17488
sfi-move,0x10ae1a520,0x10ae17518
sfi-move,0x10ae1a5b0,0x10ae175a8
sfi-move,0x10ae1a640,0x10ae17638
sfi-move,0x10ae1a6d0,0x10ae176c8
sfi-move,0x10ae1a7e8,0x10ae177e0
sfi-move,0x10ae1a8c0,0x10ae178b8
sfi-move,0x10ae1a998,0x10ae17990
sfi-move,0x10ae1aad8,0x10ae17ad0
sfi-move,0x10ae1ad28,0x10ae17d08
sfi-move,0x10ae1ae00,0x10ae17de0
sfi-move,0x10ae1b878,0x10ae18858
sfi-move,0x10ae1b908,0x10ae188e8
sfi-move,0x10ae1b998,0x10ae18978
sfi-move,0x10ae1ba28,0x10ae18a08
sfi-move,0x10ae1baf8,0x10ae18ad8
sfi-move,0x10ae1c6d8,0x10ae195a0
sfi-move,0x10ae1c768,0x10ae19630
sfi-move,0x10ae1c7f8,0x10ae196c0
sfi-move,0x10ae1c888,0x10ae19750
sfi-move,0x10ae1c918,0x10ae197e0
sfi-move,0x10ae1c9a8,0x10ae19870
sfi-move,0x10ae1ca38,0x10ae19900
sfi-move,0x10ae1cac8,0x10ae19990
sfi-move,0x10ae1cb58,0x10ae19a20
sfi-move,0x10ae1cbe8,0x10ae19ab0
sfi-move,0x10ae1cc78,0x10ae19b40
sfi-move,0x10ae1cd08,0x10ae19bd0
sfi-move,0x10ae1cd98,0x10ae19c60
sfi-move,0x10ae1ce28,0x10ae19cf0
sfi-move,0x10ae1ceb8,0x10ae19d80
sfi-move,0x10ae1cf48,0x10ae19e10
sfi-move,0x10ae1cfd8,0x10ae19ea0
sfi-move,0x10ae1d068,0x10ae19f30
sfi-move,0x10ae1d0f8,0x10ae1a040
sfi-move,0x10ae1d188,0x10ae1a0d0
sfi-move,0x10ae1d218,0x10ae1a160
sfi-move,0x10ae1d2a8,0x10ae1a1f0
sfi-move,0x10ae1d338,0x10ae1a280
sfi-move,0x10ae1d3c8,0x10ae1a310
sfi-move,0x10ae1d458,0x10ae1a3a0
sfi-move,0x10ae1d4e8,0x10ae1a430
sfi-move,0x10ae1d578,0x10ae1a4c0
sfi-move,0x10ae1d608,0x10ae1a550
sfi-move,0x10ae1d698,0x10ae1a5e0
sfi-move,0x10ae1d728,0x10ae1a670
sfi-move,0x10ae1d7b8,0x10ae1a700
sfi-move,0x10ae1d848,0x10ae1a790
sfi-move,0x10ae1d8d8,0x10ae1a820
sfi-move,0x10ae1d968,0x10ae1a8b0
sfi-move,0x10ae1d9f8,0x10ae1a940
sfi-move,0x10ae1da88,0x10ae1a9d0
sfi-move,0x10ae1db18,0x10ae1aa60
sfi-move,0x10ae1dba8,0x10ae1aaf0
sfi-move,0x10ae1dc38,0x10ae1ab80
sfi-move,0x10ae1dcc8,0x10ae1ac10
sfi-move,0x10ae1dd58,0x10ae1aca0
sfi-move,0x10ae1dde8,0x10ae1ad30
sfi-move,0x10ae1de78,0x10ae1adc0
sfi-move,0x10ae1df08,0x10ae1ae50
sfi-move,0x10ae1e040,0x10ae1aee0
sfi-move,0x10ae1e0d0,0x10ae1af70
sfi-move,0x10ae1e160,0x10ae1b000
sfi-move,0x10ae1e1f0,0x10ae1b090
sfi-move,0x10ae1e280,0x10ae1b120
sfi-move,0x10ae1e310,0x10ae1b1b0
sfi-move,0x10ae1e3a0,0x10ae1b240
sfi-move,0x10ae1e430,0x10ae1b2d0
sfi-move,0x10ae1e4c0,0x10ae1b360
sfi-move,0x10ae1e550,0x10ae1b3f0
sfi-move,0x10ae1e5e0,0x10ae1b480
sfi-move,0x10ae1e670,0x10ae1b510
sfi-move,0x10ae1e700,0x10ae1b5a0
sfi-move,0x10ae1e790,0x10ae1b630
sfi-move,0x10ae1e820,0x10ae1b6c0
sfi-move,0x10ae1e8b0,0x10ae1b750
sfi-move,0x10ae1e940,0x10ae1b7e0
sfi-move,0x10ae1e9d0,0x10ae1b870
sfi-move,0x10ae1ea60,0x10ae1b900
sfi-move,0x10ae1eaf0,0x10ae1b990
sfi-move,0x10ae1eb80,0x10ae1ba20
sfi-move,0x10ae1ec10,0x10ae1bab0
sfi-move,0x10ae1eca0,0x10ae1bb40
sfi-move,0x10ae1ed30,0x10ae1bbd0
sfi-move,0x10ae1edc0,0x10ae1bc60
sfi-move,0x10ae1ee50,0x10ae1bcf0
sfi-move,0x10ae1eee0,0x10ae1bd80
sfi-move,0x10ae1ef70,0x10ae1be10
sfi-move,0x10ae1f000,0x10ae1bea0
sfi-move,0x10ae1f090,0x10ae1bf30
sfi-move,0x10ae1f120,0x10ae1c040
sfi-move,0x10ae1f1b0,0x10ae1c0d0
sfi-move,0x10ae1f240,0x10ae1c160
sfi-move,0x10ae1f2d0,0x10ae1c1f0
sfi-move,0x10ae1f360,0x10ae1c280
sfi-move,0x10ae1f3f0,0x10ae1c310
sfi-move,0x10ae1f480,0x10ae1c3a0
sfi-move,0x10ae1f510,0x10ae1c430
sfi-move,0x10ae1f5e8,0x10ae1c508
sfi-move,0x10ae21300,0x10ae1e040
sfi-move,0x10ae21390,0x10ae1e0d0
sfi-move,0x10ae21420,0x10ae1e160
sfi-move,0x10ae214b0,0x10ae1e1f0
sfi-move,0x10ae21540,0x10ae1e280
sfi-move,0x10ae215d0,0x10ae1e310
sfi-move,0x10ae21660,0x10ae1e3a0
sfi-move,0x10ae216f0,0x10ae1e430
sfi-move,0x10ae21780,0x10ae1e4c0
sfi-move,0x10ae21810,0x10ae1e550
sfi-move,0x10ae218a0,0x10ae1e5e0
sfi-move,0x10ae21930,0x10ae1e670
sfi-move,0x10ae219c0,0x10ae1e700
sfi-move,0x10ae21a50,0x10ae1e790
sfi-move,0x10ae21ae0,0x10ae1e820
sfi-move,0x10ae21bb8,0x10ae1e8f8
sfi-move,0x10ae22238,0x10ae1eeb0
sfi-move,0x10ae22310,0x10ae1ef88
sfi-move,0x10ae223e0,0x10ae1f058
sfi-move,0x10ae224b8,0x10ae1f130
sfi-move,0x10ae22590,0x10ae1f208
sfi-move,0x10ae22938,0x10ae1f5b0
sfi-move,0x10ae22cb0,0x10ae1f8e8
sfi-move,0x10ae22d40,0x10ae1f978
sfi-move,0x10ae22dd0,0x10ae1fa08
sfi-move,0x10ae22e60,0x10ae1fa98
sfi-move,0x10ae22ef0,0x10ae1fb28
sfi-move,0x10ae22f80,0x10ae1fbb8
sfi-move,0x10ae23010,0x10ae1fc48
sfi-move,0x10ae230a0,0x10ae1fcd8
sfi-move,0x10ae23130,0x10ae1fd68
sfi-move,0x10ae231c0,0x10ae1fdf8
sfi-move,0x10ae23298,0x10ae1fed0
sfi-move,0x10ae236c0,0x10ae20300
sfi-move,0x10ae23798,0x10ae203d8
code-move,0x10ae82040,0x10ae82040
code-move,0x10ae821a0,0x10ae821a0
code-move,0x10ae82300,0x10ae82300
code-move,0x10ae82600,0x10ae82600
code-move,0x10ae82660,0x10ae82660
code-move,0x10ae826c0,0x10ae826c0
code-move,0x10ae82720,0x10ae82720
code-move,0x10ae82780,0x10ae82780
code-move,0x10ae827e0,0x10ae827e0
code-move,0x10ae82840,0x10ae82840
code-move,0x10ae828a0,0x10ae828a0
code-move,0x10ae82900,0x10ae82900
code-move,0x10ae82960,0x10ae82960
code-move,0x10ae829c0,0x10ae829c0
code-move,0x10ae82a20,0x10ae82a20
code-move,0x10ae82a80,0x10ae82a80
code-move,0x10ae82ae0,0x10ae82ae0
code-move,0x10ae82b40,0x10ae82b40
code-move,0x10ae82ba0,0x10ae82ba0
code-move,0x10ae82c00,0x10ae82c00
code-move,0x10ae82d00,0x10ae82d00
code-move,0x10ae82da0,0x10ae82da0
code-move,0x10ae83000,0x10ae83000
code-move,0x10ae83240,0x10ae83240
code-move,0x10ae83460,0x10ae83460
code-move,0x10ae83520,0x10ae83520
code-move,0x10ae835c0,0x10ae835c0
code-move,0x10ae83640,0x10ae83640
code-move,0x10ae836c0,0x10ae836c0
code-move,0x10ae83780,0x10ae83780
code-move,0x10ae83840,0x10ae83840
code-move,0x10ae838e0,0x10ae838e0
code-move,0x10ae83940,0x10ae83940
code-move,0x10ae839a0,0x10ae839a0
code-move,0x10ae83a00,0x10ae83a00
code-move,0x10ae83a60,0x10ae83a60
code-move,0x10ae83ac0,0x10ae83ac0
code-move,0x10ae83b20,0x10ae83b20
code-move,0x10ae83b80,0x10ae83b80
code-move,0x10ae83be0,0x10ae83be0
code-move,0x10ae83c40,0x10ae83c40
code-move,0x10ae84040,0x10ae84040
code-move,0x10ae84400,0x10ae84400
code-move,0x10ae84560,0x10ae84560
code-move,0x10ae845c0,0x10ae845c0
code-move,0x10ae84640,0x10ae84640
code-move,0x10ae846e0,0x10ae846e0
code-move,0x10ae84780,0x10ae84780
code-move,0x10ae84880,0x10ae84880
code-move,0x10ae848e0,0x10ae848e0
code-move,0x10ae84940,0x10ae84940
code-move,0x10ae84d00,0x10ae84d00
code-move,0x10ae85020,0x10ae85020
code-move,0x10ae852e0,0x10ae852e0
code-move,0x10ae85380,0x10ae85380
code-move,0x10ae854a0,0x10ae854a0
code-move,0x10ae85500,0x10ae85500
code-move,0x10ae855c0,0x10ae855c0
code-move,0x10ae85980,0x10ae85980
code-move,0x10ae85b20,0x10ae85b20
code-move,0x10ae85c40,0x10ae85c40
code-move,0x10ae85ca0,0x10ae85ca0
code-move,0x10ae85d00,0x10ae85d00
code-move,0x10ae85dc0,0x10ae85dc0
code-move,0x10ae86040,0x10ae86040
code-move,0x10ae86160,0x10ae86160
code-move,0x10ae861c0,0x10ae861c0
code-move,0x10ae86220,0x10ae86220
code-move,0x10ae86360,0x10ae86360
code-move,0x10ae863c0,0x10ae863c0
code-move,0x10ae86500,0x10ae86500
code-move,0x10ae866a0,0x10ae866a0
code-move,0x10ae86880,0x10ae86880
code-move,0x10ae86a60,0x10ae86a60
code-move,0x10ae86d80,0x10ae86d80
code-move,0x10ae870a0,0x10ae870a0
code-move,0x10ae872e0,0x10ae872e0
code-move,0x10ae87340,0x10ae87340
code-move,0x10ae87700,0x10ae87700
code-move,0x10ae877a0,0x10ae877a0
code-move,0x10ae87860,0x10ae87860
code-move,0x10ae878e0,0x10ae878e0
code-move,0x10ae87980,0x10ae87980
code-move,0x10ae87a20,0x10ae87a20
code-move,0x10ae87ac0,0x10ae87ac0
code-move,0x10ae87b60,0x10ae87b60
code-move,0x10ae87c00,0x10ae87c00
code-move,0x10ae87c60,0x10ae87c60
code-move,0x10ae87ce0,0x10ae87ce0
code-move,0x10ae88040,0x10ae88040
code-move,0x10ae88120,0x10ae88120
code-move,0x10ae88200,0x10ae88200
code-move,0x10ae888c0,0x10ae888c0
code-move,0x10ae88a20,0x10ae88a20
code-move,0x10ae88b20,0x10ae88b20
code-move,0x10ae88bc0,0x10ae88bc0
code-move,0x10ae88fa0,0x10ae88fa0
code-move,0x10ae89500,0x10ae89500
code-move,0x10ae89780,0x10ae89780
code-move,0x10ae898a0,0x10ae898a0
code-move,0x10ae899c0,0x10ae899c0
code-move,0x10ae89ae0,0x10ae89ae0
code-move,0x10ae89c00,0x10ae89c00
code-move,0x10ae89d20,0x10ae89d20
code-move,0x10ae89ea0,0x10ae89ea0
code-move,0x10ae8a040,0x10ae8a040
code-move,0x10ae8a120,0x10ae8a120
code-move,0x10ae8a200,0x10ae8a200
code-move,0x10ae8a320,0x10ae8a320
code-move,0x10ae8a4a0,0x10ae8a4a0
code-move,0x10ae8a5c0,0x10ae8a5c0
code-move,0x10ae8a6a0,0x10ae8a6a0
code-move,0x10ae8a7a0,0x10ae8a7a0
code-move,0x10ae8a800,0x10ae8a800
code-move,0x10ae8aa20,0x10ae8aa20
code-move,0x10ae8aac0,0x10ae8aac0
code-move,0x10ae8abc0,0x10ae8abc0
code-move,0x10ae8aea0,0x10ae8aea0
code-move,0x10ae8af40,0x10ae8af40
code-move,0x10ae8b020,0x10ae8b020
code-move,0x10ae8b0c0,0x10ae8b0c0
code-move,0x10ae8b280,0x10ae8b280
code-move,0x10ae8b440,0x10ae8b440
code-move,0x10ae8b4c0,0x10ae8b4c0
code-move,0x10ae8b580,0x10ae8b580
code-move,0x10ae8b6a0,0x10ae8b6a0
code-move,0x10ae8b780,0x10ae8b780
code-move,0x10ae8b860,0x10ae8b860
code-move,0x10ae8bb40,0x10ae8bb40
code-move,0x10ae8bbe0,0x10ae8bbe0
code-move,0x10ae8bc80,0x10ae8bc80
code-move,0x10ae8bd20,0x10ae8bd20
code-move,0x10ae8c040,0x10ae8c040
code-move,0x10ae8c2a0,0x10ae8c2a0
code-move,0x10ae8c520,0x10ae8c520
code-move,0x10ae8c5c0,0x10ae8c5c0
code-move,0x10ae8c660,0x10ae8c660
code-move,0x10ae8c700,0x10ae8c700
code-move,0x10ae8c7e0,0x10ae8c7e0
code-move,0x10ae8cd00,0x10ae8cd00
code-move,0x10ae8cde0,0x10ae8cde0
code-move,0x10ae8cec0,0x10ae8cec0
code-move,0x10ae8cfa0,0x10ae8cfa0
code-move,0x10ae8d080,0x10ae8d080
code-move,0x10ae8d160,0x10ae8d160
code-move,0x10ae8db20,0x10ae8db20
code-move,0x10ae8dc00,0x10ae8dc00
code-move,0x10ae8dce0,0x10ae8dce0
code-move,0x10ae8e040,0x10ae8e040
code-move,0x10ae8e120,0x10ae8e120
code-move,0x10ae8e200,0x10ae8e200
code-move,0x10ae8e280,0x10ae8e280
code-move,0x10ae8e300,0x10ae8e300
code-move,0x10ae8e540,0x10ae8e540
code-move,0x10ae8e600,0x10ae8e600
code-move,0x10ae8e720,0x10ae8e720
code-move,0x10ae8e7e0,0x10ae8e7e0
code-move,0x10ae8e8e0,0x10ae8e860
code-move,0x10ae8ea00,0x10ae8e980
code-move,0x10ae8eae0,0x10ae8ea60
code-move,0x10ae8ec20,0x10ae8eba0
code-move,0x10ae8ed00,0x10ae8ec80
code-move,0x10ae8ef80,0x10ae8ee40
code-move,0x10ae8f060,0x10ae8ef20
code-move,0x10ae8f140,0x10ae8f000
code-move,0x10ae8f1c0,0x10ae8f080
code-move,0x10ae8f240,0x10ae8f100
code-move,0x10ae8f5a0,0x10ae8f460
code-move,0x10ae8f640,0x10ae8f500
code-move,0x10ae8f760,0x10ae8f620
code-move,0x10ae8f8e0,0x10ae8f7a0
code-move,0x10ae8f9c0,0x10ae8f880
code-move,0x10ae8faa0,0x10ae8f960
code-move,0x10ae8fec0,0x10ae8fd80
code-move,0x10ae90040,0x10ae8fe60
code-move,0x10ae90120,0x10ae90040
code-move,0x10ae90200,0x10ae90120
code-move,0x10ae90320,0x10ae90240
code-move,0x10ae90400,0x10ae90320
code-move,0x10ae90580,0x10ae904a0
code-move,0x10ae90620,0x10ae90540
code-move,0x10ae90800,0x10ae90720
code-move,0x10ae90c20,0x10ae90b40
code-move,0x10ae90d00,0x10ae90c20
code-move,0x10ae910a0,0x10ae90fc0
code-move,0x10ae911c0,0x10ae910e0
code-move,0x10ae912e0,0x10ae91200
code-move,0x10ae91400,0x10ae91320
code-move,0x10ae914e0,0x10ae91400
code-move,0x10ae915c0,0x10ae914e0
code-move,0x10ae916a0,0x10ae915c0
code-move,0x10ae91780,0x10ae916a0
code-move,0x10ae92040,0x10ae92040
code-move,0x10ae929a0,0x10ae929a0
code-move,0x10ae92a80,0x10ae92a80
code-move,0x10ae92b60,0x10ae92b60
code-move,0x10ae92d40,0x10ae92d40
code-move,0x10ae92dc0,0x10ae92dc0
code-move,0x10ae93040,0x10ae92ea0
code-move,0x10ae93120,0x10ae92f80
code-move,0x10ae93220,0x10ae93080
code-move,0x10ae93300,0x10ae93160
code-move,0x10ae933e0,0x10ae93240
code-move,0x10ae93780,0x10ae935e0
code-move,0x10ae93920,0x10ae93780
code-move,0x10ae93a00,0x10ae93860
code-move,0x10ae94040,0x10ae93e60
code-move,0x10ae941a0,0x10ae94040
code-move,0x10ae94320,0x10ae94120
code-move,0x10ae94440,0x10ae94240
code-move,0x10ae945e0,0x10ae943e0
code-move,0x10ae94860,0x10ae94660
code-move,0x10ae948e0,0x10ae946e0
code-move,0x10ae949c0,0x10ae947c0
code-move,0x10ae94fa0,0x10ae94da0
code-move,0x10ae95080,0x10ae94e80
code-move,0x10ae95160,0x10ae94f60
code-move,0x10ae95240,0x10ae95040
code-move,0x10ae95320,0x10ae95120
code-move,0x10ae95d00,0x10ae95b00
code-move,0x10ae95dc0,0x10ae95bc0
code-move,0x10ae95ea0,0x10ae95ca0
code-move,0x10ae96040,0x10ae95d80
code-move,0x10ae96120,0x10ae95e60
code-move,0x10ae96200,0x10ae96040
code-move,0x10ae963c0,0x10ae96200
code-move,0x10ae96440,0x10ae96280
code-move,0x10ae96520,0x10ae96360
code-move,0x10ae96760,0x10ae965a0
code-move,0x10ae96ac0,0x10ae96900
code-move,0x10ae97000,0x10ae96e40
code-move,0x10ae970c0,0x10ae96f00
code-move,0x10ae97280,0x10ae96fc0
code-move,0x10ae974a0,0x10ae971e0
code-move,0x10ae97540,0x10ae97280
code-move,0x10ae97740,0x10ae97480
code-move,0x10ae978c0,0x10ae97500
code-move,0x10ae97b00,0x10ae975e0
code-move,0x10ae97bc0,0x10ae976a0
code-move,0x10ae97ce0,0x10ae977c0
code-move,0x10ae97dc0,0x10ae978a0
code-move,0x10ae98040,0x10ae97a00
code-move,0x10ae98160,0x10ae97b20
code-move,0x10ae98520,0x10ae98040
code-move,0x10ae98c60,0x10ae98780
code-move,0x10ae98e20,0x10ae98940
code-move,0x10ae98fc0,0x10ae98ae0
code-move,0x10ae992a0,0x10ae98ba0
code-move,0x10ae994e0,0x10ae98c60
code-move,0x10ae995a0,0x10ae98d20
code-move,0x10ae997e0,0x10ae98de0
code-move,0x10ae99a20,0x10ae98ea0
code-move,0x10ae99b00,0x10ae98f80
code-move,0x10ae99be0,0x10ae99060
code-move,0x10ae99ce0,0x10ae99160
code-move,0x10ae99dc0,0x10ae99240
code-move,0x10ae99e60,0x10ae992e0
code-move,0x10ae99f60,0x10ae993e0
code-move,0x10ae9a040,0x10ae99480
code-move,0x10ae9a0e0,0x10ae99520
code-move,0x10ae9a160,0x10ae9a040
code-move,0x10ae9b540,0x10ae9b420
code-move,0x10ae9b740,0x10ae9b620
code-move,0x10ae9b960,0x10ae9b840
code-move,0x10ae9ba00,0x10ae9b8e0
code-move,0x10ae9baa0,0x10ae9b980
code-move,0x10ae9bba0,0x10ae9ba80
code-move,0x10ae9bc40,0x10ae9bb20
code-move,0x10ae9bce0,0x10ae9bbc0
code-move,0x10ae9c0c0,0x10ae9bca0
code-move,0x10ae9c300,0x10ae9bd80
code-move,0x10ae9c480,0x10ae9be60
code-move,0x10ae9c520,0x10ae9bf00
code-move,0x10ae9c5c0,0x10ae9c040
code-move,0x10ae9c8a0,0x10ae9c0e0
code-move,0x10ae9c9c0,0x10ae9c200
code-move,0x10ae9cac0,0x10ae9c300
code-move,0x10ae9d2a0,0x10ae9c960
code-move,0x10ae9d340,0x10ae9ca00
code-move,0x10ae9da60,0x10ae9d120
code-move,0x10ae9dbc0,0x10ae9d280
code-move,0x10ae9dd80,0x10ae9d440
code-move,0x10ae9e040,0x10ae9d640
code-move,0x10ae9e120,0x10ae9d720
code-move,0x10ae9e200,0x10ae9d800
code-move,0x10ae9e9a0,0x10ae9e040
code-move,0x10ae9ea80,0x10ae9e120
code-move,0x10ae9ec60,0x10ae9e300
code-move,0x10ae9ed40,0x10ae9e3e0
code-move,0x10ae9ee00,0x10ae9e4a0
code-move,0x10ae9ee80,0x10ae9e520
code-move,0x10ae9ef80,0x10ae9e620
code-move,0x10ae9f000,0x10ae9e6a0
code-move,0x10ae9f0e0,0x10ae9e780
code-move,0x10ae9fd40,0x10ae9f3e0
code-move,0x10ae9fe80,0x10ae9f520
code-move,0x10aea0040,0x10ae9f600
code-move,0x10aea0660,0x10aea0040
code-move,0x10aea0c80,0x10aea0660
code-move,0x10aea0d40,0x10aea0720
code-move,0x10aea0e20,0x10aea0800
code-move,0x10aea0fe0,0x10aea09c0
code-move,0x10aea1060,0x10aea0a40
code-move,0x10aea10e0,0x10aea0ac0
code-move,0x10aea1340,0x10aea0d20
code-move,0x10aea1420,0x10aea0e00
code-move,0x10aea16c0,0x10aea0ee0
code-move,0x10aea17e0,0x10aea1000
snapshot-code-name,70682,"Stub:BinaryOpStub_SUB_Alloc_Uninitialized"
snapshot-pos,0x10ae8b440,70682
snapshot-code-name,70799,"Stub:CEntryStub"
snapshot-pos,0x10ae82300,70799
snapshot-code-name,71601,"Stub:CompareICStub"
snapshot-pos,0x10ae88b20,71601
snapshot-code-name,71834,"Stub:BinaryOpStub_SAR_Alloc_Uninitialized"
snapshot-pos,0x10ae8e200,71834
snapshot-code-name,72013,"Stub:BinaryOpStub_SAR_Alloc_SMI"
snapshot-pos,0x10ae8e600,72013
snapshot-code-name,72325,"Stub:FastCloneShallowArrayStub"
snapshot-pos,0x10ae8c700,72325
snapshot-code-name,72571,"Stub:CompareICStub"
snapshot-pos,0x10ae8e720,72571
snapshot-code-name,72792,"Stub:BinaryOpStub_BIT_OR_Alloc_SMI"
snapshot-pos,0x10ae9b980,72792
snapshot-code-name,73071,"Stub:FastNewClosureStub"
snapshot-pos,0x10ae91320,73071
snapshot-code-name,73375,"Stub:NumberToStringStub"
snapshot-pos,0x10ae8bd20,73375
snapshot-code-name,73741,"Stub:CompareICStub"
snapshot-pos,0x10ae8e540,73741
snapshot-code-name,73952,"Stub:FastCloneShallowArrayStub"
snapshot-pos,0x10ae9c200,73952
snapshot-code-name,74258,"Stub:CompareStub_EQ"
snapshot-pos,0x10ae9d440,74258
snapshot-code-name,74803,"Stub:CompareICStub"
snapshot-pos,0x10ae8c5c0,74803
snapshot-code-name,74982,"Stub:FastCloneShallowArrayStub"
snapshot-pos,0x10ae93160,74982
snapshot-code-name,75301,"Stub:FastNewContextStub"
snapshot-pos,0x10ae8b6a0,75301
snapshot-code-name,75620,"Stub:CompareICStub"
snapshot-pos,0x10ae8aa20,75620
snapshot-code-name,75799,"Stub:CompareICStub"
snapshot-pos,0x10ae9c960,75799
snapshot-code-name,75988,"Stub:BinaryOpStub_ADD_Alloc_Uninitialized"
snapshot-pos,0x10ae8e280,75988
snapshot-code-name,76212,"Stub:CallFunctionStub_Args2"
snapshot-pos,0x10ae91400,76212
snapshot-code-name,76344,"Builtin:ArgumentsAdaptorTrampoline"
snapshot-pos,0x10ae82c00,76344
snapshot-code-name,76789,"Stub:StringAddStub"
snapshot-pos,0x10ae96900,76789
snapshot-code-name,78159,"Stub:ArgumentsAccessStub_ReadElement"
snapshot-pos,0x10ae8b4c0,78159
snapshot-code-name,78385,"Stub:StringAddStub"
snapshot-pos,0x10ae88fa0,78385
snapshot-code-name,79788,"Stub:StringAddStub"
snapshot-pos,0x10aea0040,79788
snapshot-code-name,81462,"Stub:BinaryOpStub_ADD_OverwriteLeft_Uninitialized"
snapshot-pos,0x10ae8f000,81462
snapshot-code-name,81612,"Stub:BinaryOpStub_MUL_Alloc_Uninitialized"
snapshot-pos,0x10aea09c0,81612
snapshot-code-name,81772,"Stub:BinaryOpStub_ADD_Alloc_Strings"
snapshot-pos,0x10aea0660,81772
snapshot-code-name,81865,"Stub:StringAddStub"
snapshot-pos,0x10ae9f600,81865
snapshot-code-name,83560,"Stub:CompareICStub"
snapshot-pos,0x10ae96f00,83560
snapshot-code-name,83824,"Stub:CompareICStub"
snapshot-pos,0x10ae8c660,83824
snapshot-code-name,84057,"Stub:JSConstructEntryStub"
snapshot-pos,0x10ae821a0,84057
snapshot-code-name,84422,"Stub:ToBooleanStub_None"
snapshot-pos,0x10ae8a7a0,84422
snapshot-code-name,84603,"Stub:BinaryOpStub_ADD_Alloc_BothStrings"
snapshot-pos,0x10ae96e40,84603
snapshot-code-name,84827,"Stub:ToBooleanStub_Undefined"
snapshot-pos,0x10ae97480,84827
snapshot-code-name,84996,"Stub:FastCloneShallowArrayStub"
snapshot-pos,0x10ae8aac0,84996
snapshot-code-name,85292,"Stub:BinaryOpStub_ADD_Alloc_SMI"
snapshot-pos,0x10ae8e860,85292
snapshot-code-name,85603,"Stub:CompareStub_EQ_STRICT"
snapshot-pos,0x10ae96fc0,85603
snapshot-code-name,86187,"Stub:StringDictionaryNegativeLookupStub"
snapshot-pos,0x10ae855c0,86187
snapshot-code-name,87196,"Stub:BinaryOpStub_ADD_OverwriteLeft_SMI"
snapshot-pos,0x10ae8f500,87196
snapshot-code-name,87598,"Stub:KeyedLoadElementStub"
snapshot-pos,0x10ae8e7e0,87598
snapshot-code-name,87719,"Builtin:KeyedLoadIC_MissForceGeneric"
snapshot-pos,0x10ae839a0,87719
snapshot-code-name,87849,"Stub:CallFunctionStub_Args0"
snapshot-pos,0x10ae90b40,87849
snapshot-code-name,88119,"Stub:CallFunctionStub_Args3"
snapshot-pos,0x10ae914e0,88119
snapshot-code-name,88370,"Stub:CallFunctionStub_Args1"
snapshot-pos,0x10ae95e60,88370
snapshot-code-name,88631,"Stub:StringDictionaryNegativeLookupStub"
snapshot-pos,0x10ae84940,88631
snapshot-code-name,89615,"Stub:FastCloneShallowArrayStub"
snapshot-pos,0x10ae8a6a0,89615
snapshot-code-name,89974,"Stub:StringDictionaryNegativeLookupStub"
snapshot-pos,0x10ae84040,89974
snapshot-code-name,91019,"Stub:FastNewContextStub"
snapshot-pos,0x10ae977c0,91019
snapshot-code-name,91265,"Stub:CompareICStub"
snapshot-pos,0x10ae8c520,91265
snapshot-code-name,91443,"Stub:ToBooleanStub_Bool"
snapshot-pos,0x10ae92d40,91443
snapshot-code-name,91657,"Stub:CompareICStub"
snapshot-pos,0x10ae904a0,91657
snapshot-code-name,91863,"Stub:ArgumentsAccessStub_NewNonStrictSlow"
snapshot-pos,0x10ae8b020,91863
snapshot-code-name,92064,"Stub:ToNumberStub"
snapshot-pos,0x10ae8f080,92064
snapshot-code-name,92309,"Stub:ToBooleanStub_SpecObject"
snapshot-pos,0x10ae8f460,92309
snapshot-code-name,92491,"Stub:BinaryOpStub_BIT_OR_Alloc_Uninitialized"
snapshot-pos,0x10ae99520,92491
snapshot-code-name,92651,"Stub:BinaryOpStub_ADD_OverwriteRight_Uninitialized"
snapshot-pos,0x10aea0a40,92651
snapshot-code-name,92811,"Stub:StackCheckStub"
snapshot-pos,0x10ae872e0,92811
snapshot-code-name,92975,"Stub:CompareICStub"
snapshot-pos,0x10ae98c60,92975
snapshot-code-name,93184,"Stub:CompareICStub"
snapshot-pos,0x10ae9d640,93184
snapshot-code-name,93464,"Stub:StringCompareStub"
snapshot-pos,0x10ae88a20,93464
snapshot-code-name,93771,"Stub:JSEntryStub"
snapshot-pos,0x10ae82040,93771
snapshot-code-name,94265,"CallInitialize:36"
snapshot-pos,0x10ae946e0,94265
snapshot-code-name,94526,"CallInitialize:2"
snapshot-pos,0x10ae8b780,94526
snapshot-code-name,94769,"CallPreMonomorphic:12"
snapshot-pos,0x10ae8ee40,94769
snapshot-code-name,95022,"CallPreMonomorphic:30"
snapshot-pos,0x10ae95d80,95022
snapshot-code-name,95373,"CallInitialize:12"
snapshot-pos,0x10ae8cec0,95373
snapshot-code-name,95644,"CallPreMonomorphic:6"
snapshot-pos,0x10ae93080,95644
snapshot-code-name,95915,"CallInitialize:10"
snapshot-pos,0x10ae8dc00,95915
snapshot-code-name,96158,"CallPreMonomorphic:92"
snapshot-pos,0x10ae9e040,96158
snapshot-code-name,96428,"CallPreMonomorphic:5"
snapshot-pos,0x10ae95bc0,96428
snapshot-code-name,96671,"CallMiss:0"
snapshot-pos,0x10ae9bbc0,96671
snapshot-code-name,96914,"CallInitialize:1"
snapshot-pos,0x10ae88040,96914
snapshot-code-name,97156,"CallInitialize:92"
snapshot-pos,0x10ae9d720,97156
snapshot-code-name,97408,"CallPreMonomorphic:70"
snapshot-pos,0x10ae93e60,97408
snapshot-code-name,97650,"CallPreMonomorphic:10"
snapshot-pos,0x10ae8e040,97650
snapshot-code-name,97893,"CallPreMonomorphic:4"
snapshot-pos,0x10ae90240,97893
snapshot-code-name,98146,"CallInitialize:6"
snapshot-pos,0x10ae916a0,98146
snapshot-code-name,98391,"CallPreMonomorphic:38"
snapshot-pos,0x10ae8ef20,98391
snapshot-code-name,98688,"CallMiss:3"
snapshot-pos,0x10ae94040,98688
snapshot-code-name,98977,"CallPreMonomorphic:3"
snapshot-pos,0x10ae8e120,98977
snapshot-code-name,99257,"CallInitialize:38"
snapshot-pos,0x10ae8cfa0,99257
snapshot-code-name,99509,"CallMiss:2"
snapshot-pos,0x10aea0e00,99509
snapshot-code-name,99751,"CallPreMonomorphic:36"
snapshot-pos,0x10ae94da0,99751
snapshot-code-name,99993,"CallInitialize:20"
snapshot-pos,0x10ae8f7a0,99993
snapshot-code-name,100254,"CallPreMonomorphic:26"
snapshot-pos,0x10ae8fe60,100254
snapshot-code-name,100496,"CallInitialize:14"
snapshot-pos,0x10ae94f60,100496
snapshot-code-name,100739,"CallMiss:1"
snapshot-pos,0x10ae9bd80,100739
snapshot-code-name,100982,"CallPreMonomorphic:8"
snapshot-pos,0x10ae9f520,100982
snapshot-code-name,101235,"CallInitialize:70"
snapshot-pos,0x10ae93780,101235
snapshot-code-name,101523,"CallInitialize:0"
snapshot-pos,0x10ae98f80,101523
snapshot-code-name,101766,"CallPreMonomorphic:1"
snapshot-pos,0x10ae8eba0,101766
snapshot-code-name,102009,"CallInitialize:26"
snapshot-pos,0x10ae8f880,102009
snapshot-code-name,102261,"CallPreMonomorphic:14"
snapshot-pos,0x10ae95ca0,102261
snapshot-code-name,102504,"CallPreMonomorphic:0"
snapshot-pos,0x10ae99160,102504
snapshot-code-name,102747,"CallInitialize:30"
snapshot-pos,0x10ae95040,102747
snapshot-code-name,103026,"CallPreMonomorphic:2"
snapshot-pos,0x10ae929a0,103026
snapshot-code-name,103269,"CallPreMonomorphic:42"
snapshot-pos,0x10ae92ea0,103269
snapshot-code-name,103566,"CallInitialize:8"
snapshot-pos,0x10ae9e6a0,103566
snapshot-code-name,103809,"CallMiss:1"
snapshot-pos,0x10ae92dc0,103809
snapshot-code-name,104051,"CallInitialize:2"
snapshot-pos,0x10ae88120,104051
snapshot-code-name,104312,"CallPreMonomorphic:2"
snapshot-pos,0x10aea0720,104312
snapshot-code-name,104554,"CallInitialize:3"
snapshot-pos,0x10ae8d080,104554
snapshot-code-name,104861,"CallInitialize:1"
snapshot-pos,0x10ae8e980,104861
snapshot-code-name,105104,"CallPreMonomorphic:1"
snapshot-pos,0x10ae92a80,105104
snapshot-code-name,105346,"CallInitialize:5"
snapshot-pos,0x10ae94e80,105346
snapshot-code-name,105589,"CallPreMonomorphic:20"
snapshot-pos,0x10ae8fd80,105589
snapshot-code-name,105831,"CallInitialize:42"
snapshot-pos,0x10ae915c0,105831
snapshot-code-name,106083,"CallInitialize:0"
snapshot-pos,0x10ae8cde0,106083
snapshot-code-name,106345,"CallInitialize:4"
snapshot-pos,0x10ae90040,106345
snapshot-code-name,106616,"CallMiss:2"
snapshot-pos,0x10ae97500,106616
snapshot-code-name,106859,"CallPreMonomorphic:0"
snapshot-pos,0x10ae8db20,106859
snapshot-code-name,134772,"Builtin:Return_DebugBreak"
snapshot-pos,0x10ae87700,134772
snapshot-code-name,134928,"Builtin:Slot_DebugBreak"
snapshot-pos,0x10ae87b60,134928
snapshot-code-name,135151,"Script:native apinatives.js"
snapshot-pos,0x10ae9c0e0,135151
snapshot-code-name,135345,"Builtin:LazyCompile"
snapshot-pos,0x10ae835c0,135345
snapshot-code-name,135474,"Builtin:JSConstructStubGeneric"
snapshot-pos,0x10ae83000,135474
snapshot-code-name,136797,"Builtin:LoadIC_Initialize"
snapshot-pos,0x10ae83be0,136797
snapshot-code-name,137098,"Script:native v8natives.js"
snapshot-pos,0x10ae8d160,137098
snapshot-code-name,137778,"LazyCompile:InstallFunctions native v8natives.js:48"
snapshot-pos,0x10ae8e300,137778
snapshot-code-name,138127,"Builtin:KeyedLoadIC_Initialize"
snapshot-pos,0x10ae84880,138127
snapshot-code-name,151569,"LazyCompile:InstallFunctionsOnHiddenPrototype native v8natives.js:67"
snapshot-pos,0x10ae92f80,151569
snapshot-code-name,151772,"Builtin:JSConstructCall"
snapshot-pos,0x10ae82d00,151772
snapshot-code-name,152233,"LazyCompile:SetUpLockedPrototype native v8natives.js:79"
snapshot-pos,0x10ae8f100,152233
snapshot-code-name,153176,"Builtin:StoreIC_Initialize"
snapshot-pos,0x10ae854a0,153176
snapshot-code-name,153752,"LazyCompile:isFinite native v8natives.js:115"
snapshot-pos,0x10ae9d280,153752
snapshot-code-name,154831,"LazyCompile:SetUpGlobal native v8natives.js:193"
snapshot-pos,0x10ae8dce0,154831
snapshot-code-name,156157,"LazyCompile:hasOwnProperty native v8natives.js:264"
snapshot-pos,0x10ae92b60,156157
snapshot-code-name,158184,"LazyCompile:IsAccessorDescriptor native v8natives.js:360"
snapshot-pos,0x10ae99060,158184
snapshot-code-name,158713,"LazyCompile:IsDataDescriptor native v8natives.js:367"
snapshot-pos,0x10ae992e0,158713
snapshot-code-name,159243,"LazyCompile:IsGenericDescriptor native v8natives.js:374"
snapshot-pos,0x10ae9bca0,159243
snapshot-code-name,159665,"LazyCompile:IsInconsistentDescriptor native v8natives.js:379"
snapshot-pos,0x10ae98ea0,159665
snapshot-code-name,160357,"LazyCompile:ToPropertyDescriptor native v8natives.js:432"
snapshot-pos,0x10ae98040,160357
snapshot-code-name,163237,"LazyCompile:PropertyDescriptor native v8natives.js:494"
snapshot-pos,0x10ae98780,163237
snapshot-code-name,164300,"LazyCompile:ConvertDescriptorArrayToDescriptor native v8natives.js:593"
snapshot-pos,0x10ae9b620,164300
snapshot-code-name,165822,"LazyCompile:DefineOwnProperty native v8natives.js:692"
snapshot-pos,0x10ae9a040,165822
snapshot-code-name,174421,"LazyCompile:SetUpObject native v8natives.js:1186"
snapshot-pos,0x10ae8f960,174421
snapshot-code-name,175966,"LazyCompile:SetUpBoolean native v8natives.js:1249"
snapshot-pos,0x10ae90120,175966
snapshot-code-name,177156,"LazyCompile:SetUpNumber native v8natives.js:1372"
snapshot-pos,0x10ae90720,177156
snapshot-code-name,179068,"LazyCompile:NewFunction native v8natives.js:1527"
snapshot-pos,0x10ae90c20,179068
snapshot-code-name,179570,"Builtin:KeyedStoreIC_Initialize"
snapshot-pos,0x10ae861c0,179570
snapshot-code-name,180701,"LazyCompile:SetUpFunction native v8natives.js:1553"
snapshot-pos,0x10ae90fc0,180701
snapshot-code-name,181349,"LazyCompile:$Object.constructor native v8natives.js:220"
snapshot-pos,0x10ae8ea60,181349
snapshot-code-name,182781,"LazyCompile:$Array.enumerable_ native v8natives.js:535"
snapshot-pos,0x10ae993e0,182781
snapshot-code-name,183133,"LazyCompile:$Array.writable_ native v8natives.js:538"
snapshot-pos,0x10ae98ae0,183133
snapshot-code-name,183621,"LazyCompile:$Array.writable_ native v8natives.js:542"
snapshot-pos,0x10ae9b8e0,183621
snapshot-code-name,183973,"LazyCompile:$Array.writable_ native v8natives.js:545"
snapshot-pos,0x10ae9b840,183973
snapshot-code-name,184649,"LazyCompile:$Array.configurable_ native v8natives.js:555"
snapshot-pos,0x10ae99480,184649
snapshot-code-name,185001,"LazyCompile:$Array.get_ native v8natives.js:558"
snapshot-pos,0x10ae98ba0,185001
snapshot-code-name,185464,"LazyCompile:$Array.get_ native v8natives.js:562"
snapshot-pos,0x10ae9ba80,185464
snapshot-code-name,185816,"LazyCompile:$Array.get_ native v8natives.js:565"
snapshot-pos,0x10ae9bb20,185816
snapshot-code-name,186168,"LazyCompile:$Array.set_ native v8natives.js:568"
snapshot-pos,0x10ae98d20,186168
snapshot-code-name,186631,"LazyCompile:$Array.set_ native v8natives.js:572"
snapshot-pos,0x10ae9be60,186631
snapshot-code-name,186983,"LazyCompile:$Array.set_ native v8natives.js:575"
snapshot-pos,0x10ae99240,186983
snapshot-code-name,187335,"LazyCompile:d native v8natives.js:578"
snapshot-pos,0x10ae98de0,187335
snapshot-code-name,187763,"LazyCompile:d native v8natives.js:582"
snapshot-pos,0x10ae9c040,187763
snapshot-code-name,188116,"LazyCompile: native v8natives.js:585"
snapshot-pos,0x10ae9bf00,188116
snapshot-code-name,188508,"LazyCompile:a native v8natives.js:1171"
snapshot-pos,0x10ae8f620,188508
snapshot-code-name,189209,"LazyCompile:b native v8natives.js:1264"
snapshot-pos,0x10ae90320,189209
snapshot-code-name,190231,"Script:native string.js"
snapshot-pos,0x10ae93240,190231
snapshot-code-name,204718,"LazyCompile:SetUpString native string.js:943"
snapshot-pos,0x10ae93860,204718
snapshot-code-name,206480,"LazyCompile:b native string.js:36"
snapshot-pos,0x10ae935e0,206480
snapshot-code-name,208282,"Script:native math.js"
snapshot-pos,0x10ae943e0,208282
snapshot-code-name,208659,"LazyCompile:MathConstructor native math.js:38"
snapshot-pos,0x10ae94660,208659
snapshot-code-name,213870,"LazyCompile:SetUpMath native math.js:198"
snapshot-pos,0x10ae947c0,213870
snapshot-code-name,216417,"Script:native json.js"
snapshot-pos,0x10aea0ee0,216417
snapshot-code-name,220679,"LazyCompile:SetUpJSON native json.js:340"
snapshot-pos,0x10aea1000,220679
snapshot-code-name,221470,"Script:native regexp.js"
snapshot-pos,0x10ae9e120,221470
snapshot-code-name,225916,"LazyCompile:RegExpConstructor native regexp.js:86"
snapshot-pos,0x10ae9f3e0,225916
snapshot-code-name,227887,"LazyCompile:RegExpMakeCaptureGetter native regexp.js:371"
snapshot-pos,0x10aea0d20,227887
snapshot-code-name,228099,"Function: native regexp.js:372"
snapshot-pos,0x10aea0ac0,228099
snapshot-code-name,229277,"LazyCompile:SetUpRegExp native regexp.js:409"
snapshot-pos,0x10ae9e780,229277
snapshot-code-name,230059,"Function:RegExpGetInput native regexp.js:429"
snapshot-pos,0x10ae9e300,230059
snapshot-code-name,230494,"Function:RegExpSetInput native regexp.js:433"
snapshot-pos,0x10ae9e3e0,230494
snapshot-code-name,230906,"Function:RegExpGetMultiline native regexp.js:453"
snapshot-pos,0x10ae9e4a0,230906
snapshot-code-name,231244,"Function:RegExpSetMultiline native regexp.js:454"
snapshot-pos,0x10ae9e520,231244
snapshot-code-name,231692,"Function:NoOpSetter native regexp.js:462"
snapshot-pos,0x10ae9e620,231692
snapshot-code-name,235430,"Script:native date.js"
snapshot-pos,0x10ae9c300,235430
snapshot-code-name,247786,"LazyCompile:TimeClip native date.js:378"
snapshot-pos,0x10ae9d120,247786
snapshot-code-name,256846,"LazyCompile:SetUpDate native date.js:1051"
snapshot-pos,0x10ae9d800,256846
snapshot-code-name,260198,"LazyCompile:WeekDays native date.js:398"
snapshot-pos,0x10ae9ca00,260198
snapshot-code-name,264408,"Script:native array.js"
snapshot-pos,0x10ae910e0,264408
snapshot-code-name,279992,"LazyCompile:SetUpArray native array.js:1317"
snapshot-pos,0x10ae92040,279992
snapshot-code-name,280690,"Function:getFunction native array.js:1330"
snapshot-pos,0x10ae91200,280690
snapshot-code-name,283692,"Script:native uri.js"
snapshot-pos,0x10ae94120,283692
snapshot-code-name,289627,"LazyCompile:SetUpUri native uri.js:395"
snapshot-pos,0x10ae94240,289627
snapshot-code-name,290512,"Script:native messages.js"
snapshot-pos,0x10ae95120,290512
snapshot-code-name,301600,"LazyCompile:MakeGenericError native messages.js:107"
snapshot-pos,0x10ae976a0,301600
snapshot-code-name,302572,"LazyCompile:MakeRangeError native messages.js:297"
snapshot-pos,0x10ae975e0,302572
snapshot-code-name,305574,"LazyCompile:DefineOneShotAccessor native messages.js:727"
snapshot-pos,0x10ae97b20,305574
snapshot-code-name,305913,"Function:getter native messages.js:733"
snapshot-pos,0x10ae978a0,305913
snapshot-code-name,306461,"Function:setter native messages.js:741"
snapshot-pos,0x10ae97a00,306461
snapshot-code-name,309991,"LazyCompile:captureStackTrace native messages.js:1054"
snapshot-pos,0x10ae97280,309991
snapshot-code-name,310592,"Function: native messages.js:1063"
snapshot-pos,0x10ae971e0,310592
snapshot-code-name,311151,"LazyCompile:SetUpError native messages.js:1069"
snapshot-pos,0x10ae96040,311151
snapshot-code-name,311390,"LazyCompile:DefineError native messages.js:1072"
snapshot-pos,0x10ae965a0,311390
snapshot-code-name,311777,"Function:ErrorPrototype native messages.js:1088"
snapshot-pos,0x10ae96200,311777
snapshot-code-name,312619,"Function: native messages.js:1104"
snapshot-pos,0x10ae96360,312619
snapshot-code-name,313079,"Function: native messages.js:1115"
snapshot-pos,0x10ae96280,313079
snapshot-code-name,315835,"LazyCompile:b native messages.js:124"
snapshot-pos,0x10ae95b00,315835
snapshot-code-name,318940,"Script:native runtime.js"
snapshot-pos,0x10ae87ce0,318940
snapshot-code-name,319276,"LazyCompile:EQUALS native runtime.js:54"
snapshot-pos,0x10ae88200,319276
snapshot-code-name,326919,"LazyCompile:STRICT_EQUALS native runtime.js:100"
snapshot-pos,0x10ae888c0,326919
snapshot-code-name,327481,"LazyCompile:COMPARE native runtime.js:120"
snapshot-pos,0x10ae88bc0,327481
snapshot-code-name,328778,"LazyCompile:ADD native runtime.js:163"
snapshot-pos,0x10ae89500,328778
snapshot-code-name,329688,"LazyCompile:STRING_ADD_LEFT native runtime.js:183"
snapshot-pos,0x10ae8c040,329688
snapshot-code-name,330515,"LazyCompile:STRING_ADD_RIGHT native runtime.js:198"
snapshot-pos,0x10ae8c2a0,330515
snapshot-code-name,331379,"LazyCompile:SUB native runtime.js:214"
snapshot-pos,0x10ae89780,331379
snapshot-code-name,331876,"LazyCompile:MUL native runtime.js:222"
snapshot-pos,0x10ae898a0,331876
snapshot-code-name,332373,"LazyCompile:DIV native runtime.js:230"
snapshot-pos,0x10ae899c0,332373
snapshot-code-name,332870,"LazyCompile:MOD native runtime.js:238"
snapshot-pos,0x10ae89ae0,332870
snapshot-code-name,333367,"LazyCompile:BIT_OR native runtime.js:252"
snapshot-pos,0x10ae89c00,333367
snapshot-code-name,333864,"LazyCompile:BIT_AND native runtime.js:260"
snapshot-pos,0x10ae89d20,333864
snapshot-code-name,334479,"LazyCompile:BIT_XOR native runtime.js:282"
snapshot-pos,0x10ae89ea0,334479
snapshot-code-name,334986,"LazyCompile:UNARY_MINUS native runtime.js:290"
snapshot-pos,0x10ae8a040,334986
snapshot-code-name,335404,"LazyCompile:BIT_NOT native runtime.js:297"
snapshot-pos,0x10ae8a120,335404
snapshot-code-name,335822,"LazyCompile:SHL native runtime.js:304"
snapshot-pos,0x10ae8a200,335822
snapshot-code-name,336319,"LazyCompile:SAR native runtime.js:312"
snapshot-pos,0x10ae8a320,336319
snapshot-code-name,336934,"LazyCompile:SHR native runtime.js:334"
snapshot-pos,0x10ae8a4a0,336934
snapshot-code-name,337431,"LazyCompile:DELETE native runtime.js:348"
snapshot-pos,0x10ae8a5c0,337431
snapshot-code-name,337848,"LazyCompile:IN native runtime.js:354"
snapshot-pos,0x10ae8a800,337848
snapshot-code-name,338654,"LazyCompile:INSTANCE_OF native runtime.js:367"
snapshot-pos,0x10ae8abc0,338654
snapshot-code-name,339737,"LazyCompile:GET_KEYS native runtime.js:391"
snapshot-pos,0x10ae8aea0,339737
snapshot-code-name,340090,"LazyCompile:FILTER_KEY native runtime.js:399"
snapshot-pos,0x10ae8af40,340090
snapshot-code-name,340527,"LazyCompile:CALL_NON_FUNCTION native runtime.js:406"
snapshot-pos,0x10ae8b0c0,340527
snapshot-code-name,341262,"LazyCompile:CALL_NON_FUNCTION_AS_CONSTRUCTOR native runtime.js:415"
snapshot-pos,0x10ae8b280,341262
snapshot-code-name,341944,"LazyCompile:CALL_FUNCTION_PROXY native runtime.js:424"
snapshot-pos,0x10ae8b580,341944
snapshot-code-name,342486,"LazyCompile:CALL_FUNCTION_PROXY_AS_CONSTRUCTOR native runtime.js:432"
snapshot-pos,0x10ae8b860,342486
snapshot-code-name,343560,"LazyCompile:APPLY_PREPARE native runtime.js:449"
snapshot-pos,0x10ae8c7e0,343560
snapshot-code-name,345227,"LazyCompile:APPLY_OVERFLOW native runtime.js:486"
snapshot-pos,0x10ae8cd00,345227
snapshot-code-name,345644,"LazyCompile:TO_OBJECT native runtime.js:492"
snapshot-pos,0x10ae8bb40,345644
snapshot-code-name,345996,"LazyCompile:TO_NUMBER native runtime.js:498"
snapshot-pos,0x10ae8bbe0,345996
snapshot-code-name,346348,"LazyCompile:TO_STRING native runtime.js:504"
snapshot-pos,0x10ae8bc80,346348
snapshot-code-name,346666,"LazyCompile:ToPrimitive native runtime.js:516"
snapshot-pos,0x10aea0800,346666
snapshot-code-name,347376,"LazyCompile:ToBoolean native runtime.js:527"
snapshot-pos,0x10ae8ec80,347376
snapshot-code-name,347996,"LazyCompile:ToNumber native runtime.js:537"
snapshot-pos,0x10ae90540,347996
snapshot-code-name,348760,"LazyCompile:ToString native runtime.js:560"
snapshot-pos,0x10ae98940,348760
snapshot-code-name,349432,"LazyCompile:ToObject native runtime.js:577"
snapshot-pos,0x10ae9b420,349432
snapshot-code-name,352427,"Builtin:Illegal"
snapshot-pos,0x10ae82600,352427
snapshot-code-name,352528,"Builtin:EmptyFunction"
snapshot-pos,0x10ae82660,352528
snapshot-code-name,352629,"Builtin:ArrayCodeGeneric"
snapshot-pos,0x10ae826c0,352629
snapshot-code-name,352730,"Builtin:ArrayPush"
snapshot-pos,0x10ae82720,352730
snapshot-code-name,352831,"Builtin:ArrayPop"
snapshot-pos,0x10ae82780,352831
snapshot-code-name,352932,"Builtin:ArrayShift"
snapshot-pos,0x10ae827e0,352932
snapshot-code-name,353033,"Builtin:ArrayUnshift"
snapshot-pos,0x10ae82840,353033
snapshot-code-name,353134,"Builtin:ArraySlice"
snapshot-pos,0x10ae828a0,353134
snapshot-code-name,353235,"Builtin:ArraySplice"
snapshot-pos,0x10ae82900,353235
snapshot-code-name,353336,"Builtin:ArrayConcat"
snapshot-pos,0x10ae82960,353336
snapshot-code-name,353437,"Builtin:HandleApiCall"
snapshot-pos,0x10ae829c0,353437
snapshot-code-name,353537,"Builtin:FastHandleApiCall"
snapshot-pos,0x10ae82a20,353537
snapshot-code-name,353638,"Builtin:HandleApiCallConstruct"
snapshot-pos,0x10ae82a80,353638
snapshot-code-name,353738,"Builtin:HandleApiCallAsFunction"
snapshot-pos,0x10ae82ae0,353738
snapshot-code-name,353839,"Builtin:HandleApiCallAsConstructor"
snapshot-pos,0x10ae82b40,353839
snapshot-code-name,353940,"Builtin:StrictModePoisonPill"
snapshot-pos,0x10ae82ba0,353940
snapshot-code-name,354047,"Builtin:JSConstructStubCountdown"
snapshot-pos,0x10ae82da0,354047
snapshot-code-name,354653,"Builtin:JSConstructStubApi"
snapshot-pos,0x10ae83240,354653
snapshot-code-name,355196,"Builtin:JSEntryTrampoline"
snapshot-pos,0x10ae83460,355196
snapshot-code-name,355393,"Builtin:JSConstructEntryTrampoline"
snapshot-pos,0x10ae83520,355393
snapshot-code-name,355561,"Builtin:LazyRecompile"
snapshot-pos,0x10ae83640,355561
snapshot-code-name,355688,"Builtin:NotifyDeoptimized"
snapshot-pos,0x10ae836c0,355688
snapshot-code-name,355885,"Builtin:NotifyLazyDeoptimized"
snapshot-pos,0x10ae83780,355885
snapshot-code-name,356082,"Builtin:NotifyOSR"
snapshot-pos,0x10ae83840,356082
snapshot-code-name,356242,"Builtin:LoadIC_Miss"
snapshot-pos,0x10ae838e0,356242
snapshot-code-name,356342,"Builtin:KeyedLoadIC_Miss"
snapshot-pos,0x10ae83940,356342
snapshot-code-name,356447,"Builtin:KeyedLoadIC_Slow"
snapshot-pos,0x10ae83a00,356447
snapshot-code-name,356547,"Builtin:StoreIC_Miss"
snapshot-pos,0x10ae83a60,356547
snapshot-code-name,356647,"Builtin:KeyedStoreIC_Miss"
snapshot-pos,0x10ae83ac0,356647
snapshot-code-name,356747,"Builtin:KeyedStoreIC_MissForceGeneric"
snapshot-pos,0x10ae83b20,356747
snapshot-code-name,356847,"Builtin:KeyedStoreIC_Slow"
snapshot-pos,0x10ae83b80,356847
snapshot-code-name,356950,"Builtin:LoadIC_PreMonomorphic"
snapshot-pos,0x10ae83c40,356950
snapshot-code-name,357050,"Builtin:LoadIC_Normal"
snapshot-pos,0x10ae84400,357050
snapshot-code-name,357409,"Builtin:LoadIC_ArrayLength"
snapshot-pos,0x10ae84560,357409
snapshot-code-name,357512,"Builtin:LoadIC_StringLength"
snapshot-pos,0x10ae845c0,357512
snapshot-code-name,357649,"Builtin:LoadIC_StringWrapperLength"
snapshot-pos,0x10ae84640,357649
snapshot-code-name,357818,"Builtin:LoadIC_FunctionPrototype"
snapshot-pos,0x10ae846e0,357818
snapshot-code-name,357986,"Builtin:LoadIC_Megamorphic"
snapshot-pos,0x10ae84780,357986
snapshot-code-name,358250,"Builtin:KeyedLoadIC_PreMonomorphic"
snapshot-pos,0x10ae848e0,358250
snapshot-code-name,358350,"Builtin:KeyedLoadIC_Generic"
snapshot-pos,0x10ae84d00,358350
snapshot-code-name,359158,"Builtin:KeyedLoadIC_String"
snapshot-pos,0x10ae85020,359158
snapshot-code-name,359852,"Builtin:KeyedLoadIC_IndexedInterceptor"
snapshot-pos,0x10ae852e0,359852
snapshot-code-name,360013,"Builtin:KeyedLoadIC_NonStrictArguments"
snapshot-pos,0x10ae85380,360013
snapshot-code-name,360311,"Builtin:StoreIC_ArrayLength"
snapshot-pos,0x10ae85500,360311
snapshot-code-name,360504,"Builtin:StoreIC_Normal"
snapshot-pos,0x10ae85980,360504
snapshot-code-name,360925,"Builtin:StoreIC_Megamorphic"
snapshot-pos,0x10ae85b20,360925
snapshot-code-name,361222,"Builtin:StoreIC_GlobalProxy"
snapshot-pos,0x10ae85c40,361222
snapshot-code-name,361322,"Builtin:StoreIC_Initialize_Strict"
snapshot-pos,0x10ae85ca0,361322
snapshot-code-name,361422,"Builtin:StoreIC_ArrayLength_Strict"
snapshot-pos,0x10ae85d00,361422
snapshot-code-name,361615,"Builtin:StoreIC_Normal_Strict"
snapshot-pos,0x10ae85dc0,361615
snapshot-code-name,362036,"Builtin:StoreIC_Megamorphic_Strict"
snapshot-pos,0x10ae86040,362036
snapshot-code-name,362333,"Builtin:StoreIC_GlobalProxy_Strict"
snapshot-pos,0x10ae86160,362333
snapshot-code-name,362436,"Builtin:KeyedStoreIC_Generic"
snapshot-pos,0x10ae86220,362436
snapshot-code-name,362761,"Builtin:KeyedStoreIC_Initialize_Strict"
snapshot-pos,0x10ae86360,362761
snapshot-code-name,362861,"Builtin:KeyedStoreIC_Generic_Strict"
snapshot-pos,0x10ae863c0,362861
snapshot-code-name,363186,"Builtin:KeyedStoreIC_NonStrictArguments"
snapshot-pos,0x10ae86500,363186
snapshot-code-name,363590,"Builtin:FunctionCall"
snapshot-pos,0x10ae866a0,363590
snapshot-code-name,364081,"Builtin:FunctionApply"
snapshot-pos,0x10ae86880,364081
snapshot-code-name,364569,"Builtin:ArrayCode"
snapshot-pos,0x10ae86a60,364569
snapshot-code-name,365344,"Builtin:ArrayConstructCode"
snapshot-pos,0x10ae86d80,365344
snapshot-code-name,366117,"Builtin:StringConstructCode"
snapshot-pos,0x10ae870a0,366117
snapshot-code-name,366692,"Builtin:OnStackReplacement"
snapshot-pos,0x10ae87340,366692
snapshot-code-name,367651,"Builtin:ConstructCall_DebugBreak"
snapshot-pos,0x10ae877a0,367651
snapshot-code-name,367840,"Builtin:StubNoRegisters_DebugBreak"
snapshot-pos,0x10ae87860,367840
snapshot-code-name,367962,"Builtin:LoadIC_DebugBreak"
snapshot-pos,0x10ae878e0,367962
snapshot-code-name,368116,"Builtin:KeyedLoadIC_DebugBreak"
snapshot-pos,0x10ae87980,368116
snapshot-code-name,368270,"Builtin:StoreIC_DebugBreak"
snapshot-pos,0x10ae87a20,368270
snapshot-code-name,368427,"Builtin:KeyedStoreIC_DebugBreak"
snapshot-pos,0x10ae87ac0,368427
snapshot-code-name,368587,"Builtin:PlainReturn_LiveEdit"
snapshot-pos,0x10ae87c00,368587
snapshot-code-name,368683,"Builtin:FrameDropper_LiveEdit"
snapshot-pos,0x10ae87c60,368683
